# JRE version: OpenJDK Runtime Environment Temurin-17.0.8.1+1 (17.0.8.1+1) (build 17.0.8.1+1)
# Java VM: OpenJDK 64-Bit Server VM Temurin-17.0.8.1+1 (17.0.8.1+1, mixed mode, tiered, compressed oops, compressed class ptrs, parallel gc, windows-amd64)
GC Precious Log:
 CPUs: 4 total, 4 available
 Memory: 3819M
 Large Page Support: Disabled
 NUMA Support: Disabled
 Compressed Oops: Enabled (32-bit)
 Alignments: Space 512K, Generation 512K, Heap 2M
 Heap Min Capacity: 100M
 Heap Initial Capacity: 100M
 Heap Max Capacity: 1G
 Pre-touch: Disabled
 Parallel Workers: 4
Heap:
 PSYoungGen      total 3584K, used 1348K [0x00000000eab00000, 0x00000000eb580000, 0x0000000100000000)
  eden space 3072K, 27% used [0x00000000eab00000,0x00000000eabd6700,0x00000000eae00000)
  from space 512K, 95% used [0x00000000eb500000,0x00000000eb57a910,0x00000000eb580000)
  to   space 2048K, 0% used [0x00000000eb180000,0x00000000eb180000,0x00000000eb380000)
 ParOldGen       total 173056K, used 97301K [0x00000000c0000000, 0x00000000ca900000, 0x00000000eab00000)
  object space 173056K, 56% used [0x00000000c0000000,0x00000000c5f05488,0x00000000ca900000)
 Metaspace       used 76443K, committed 77888K, reserved 1179648K
  class space    used 7874K, committed 8512K, reserved 1048576K
GC Heap History (20 events):
Event: 62.481 GC heap before
{Heap before GC invocations=122 (full 7):
 PSYoungGen      total 2560K, used 2560K [0x00000000eab00000, 0x00000000eb880000, 0x0000000100000000)
  eden space 1536K, 100% used [0x00000000eab00000,0x00000000eac80000,0x00000000eac80000)
  from space 1024K, 100% used [0x00000000eb780000,0x00000000eb880000,0x00000000eb880000)
  to   space 1536K, 0% used [0x00000000eb580000,0x00000000eb580000,0x00000000eb700000)
 ParOldGen       total 173056K, used 94505K [0x00000000c0000000, 0x00000000ca900000, 0x00000000eab00000)
  object space 173056K, 54% used [0x00000000c0000000,0x00000000c5c4a430,0x00000000ca900000)
 Metaspace       used 76323K, committed 77696K, reserved 1179648K
  class space    used 7874K, committed 8512K, reserved 1048576K
}
Event: 62.483 GC heap after
{Heap after GC invocations=122 (full 7):
 PSYoungGen      total 3072K, used 1524K [0x00000000eab00000, 0x00000000eb800000, 0x0000000100000000)
  eden space 1536K, 0% used [0x00000000eab00000,0x00000000eab00000,0x00000000eac80000)
  from space 1536K, 99% used [0x00000000eb580000,0x00000000eb6fd200,0x00000000eb700000)
  to   space 1024K, 0% used [0x00000000eb700000,0x00000000eb700000,0x00000000eb800000)
 ParOldGen       total 173056K, used 94545K [0x00000000c0000000, 0x00000000ca900000, 0x00000000eab00000)
  object space 173056K, 54% used [0x00000000c0000000,0x00000000c5c54430,0x00000000ca900000)
 Metaspace       used 76323K, committed 77696K, reserved 1179648K
  class space    used 7874K, committed 8512K, reserved 1048576K
}
Event: 62.593 GC heap before
{Heap before GC invocations=123 (full 7):
 PSYoungGen      total 3072K, used 3060K [0x00000000eab00000, 0x00000000eb800000, 0x0000000100000000)
  eden space 1536K, 100% used [0x00000000eab00000,0x00000000eac80000,0x00000000eac80000)
  from space 1536K, 99% used [0x00000000eb580000,0x00000000eb6fd200,0x00000000eb700000)
  to   space 1024K, 0% used [0x00000000eb700000,0x00000000eb700000,0x00000000eb800000)
 ParOldGen       total 173056K, used 94545K [0x00000000c0000000, 0x00000000ca900000, 0x00000000eab00000)
  object space 173056K, 54% used [0x00000000c0000000,0x00000000c5c54430,0x00000000ca900000)
 Metaspace       used 76331K, committed 77696K, reserved 1179648K
  class space    used 7874K, committed 8512K, reserved 1048576K
}
Event: 62.598 GC heap after
{Heap after GC invocations=123 (full 7):
 PSYoungGen      total 2560K, used 1024K [0x00000000eab00000, 0x00000000eb800000, 0x0000000100000000)
  eden space 1536K, 0% used [0x00000000eab00000,0x00000000eab00000,0x00000000eac80000)
  from space 1024K, 100% used [0x00000000eb700000,0x00000000eb800000,0x00000000eb800000)
  to   space 2048K, 0% used [0x00000000eb400000,0x00000000eb400000,0x00000000eb600000)
 ParOldGen       total 173056K, used 95121K [0x00000000c0000000, 0x00000000ca900000, 0x00000000eab00000)
  object space 173056K, 54% used [0x00000000c0000000,0x00000000c5ce4430,0x00000000ca900000)
 Metaspace       used 76331K, committed 77696K, reserved 1179648K
  class space    used 7874K, committed 8512K, reserved 1048576K
}
Event: 62.625 GC heap before
{Heap before GC invocations=124 (full 7):
 PSYoungGen      total 2560K, used 2560K [0x00000000eab00000, 0x00000000eb800000, 0x0000000100000000)
  eden space 1536K, 100% used [0x00000000eab00000,0x00000000eac80000,0x00000000eac80000)
  from space 1024K, 100% used [0x00000000eb700000,0x00000000eb800000,0x00000000eb800000)
  to   space 2048K, 0% used [0x00000000eb400000,0x00000000eb400000,0x00000000eb600000)
 ParOldGen       total 173056K, used 95121K [0x00000000c0000000, 0x00000000ca900000, 0x00000000eab00000)
  object space 173056K, 54% used [0x00000000c0000000,0x00000000c5ce4430,0x00000000ca900000)
 Metaspace       used 76343K, committed 77696K, reserved 1179648K
  class space    used 7874K, committed 8512K, reserved 1048576K
}
Event: 62.626 GC heap after
{Heap after GC invocations=124 (full 7):
 PSYoungGen      total 3584K, used 1280K [0x00000000eab00000, 0x00000000eb780000, 0x0000000100000000)
  eden space 1536K, 0% used [0x00000000eab00000,0x00000000eab00000,0x00000000eac80000)
  from space 2048K, 62% used [0x00000000eb400000,0x00000000eb540000,0x00000000eb600000)
  to   space 1536K, 0% used [0x00000000eb600000,0x00000000eb600000,0x00000000eb780000)
 ParOldGen       total 173056K, used 95121K [0x00000000c0000000, 0x00000000ca900000, 0x00000000eab00000)
  object space 173056K, 54% used [0x00000000c0000000,0x00000000c5ce4430,0x00000000ca900000)
 Metaspace       used 76343K, committed 77696K, reserved 1179648K
  class space    used 7874K, committed 8512K, reserved 1048576K
}
Event: 64.307 GC heap before
{Heap before GC invocations=125 (full 7):
 PSYoungGen      total 3584K, used 2816K [0x00000000eab00000, 0x00000000eb780000, 0x0000000100000000)
  eden space 1536K, 100% used [0x00000000eab00000,0x00000000eac80000,0x00000000eac80000)
  from space 2048K, 62% used [0x00000000eb400000,0x00000000eb540000,0x00000000eb600000)
  to   space 1536K, 0% used [0x00000000eb600000,0x00000000eb600000,0x00000000eb780000)
 ParOldGen       total 173056K, used 95121K [0x00000000c0000000, 0x00000000ca900000, 0x00000000eab00000)
  object space 173056K, 54% used [0x00000000c0000000,0x00000000c5ce4430,0x00000000ca900000)
 Metaspace       used 76351K, committed 77696K, reserved 1179648K
  class space    used 7874K, committed 8512K, reserved 1048576K
}
Event: 64.308 GC heap after
{Heap after GC invocations=125 (full 7):
 PSYoungGen      total 3072K, used 1344K [0x00000000eab00000, 0x00000000eb780000, 0x0000000100000000)
  eden space 1536K, 0% used [0x00000000eab00000,0x00000000eab00000,0x00000000eac80000)
  from space 1536K, 87% used [0x00000000eb600000,0x00000000eb750000,0x00000000eb780000)
  to   space 1536K, 0% used [0x00000000eb480000,0x00000000eb480000,0x00000000eb600000)
 ParOldGen       total 173056K, used 95121K [0x00000000c0000000, 0x00000000ca900000, 0x00000000eab00000)
  object space 173056K, 54% used [0x00000000c0000000,0x00000000c5ce4430,0x00000000ca900000)
 Metaspace       used 76351K, committed 77696K, reserved 1179648K
  class space    used 7874K, committed 8512K, reserved 1048576K
}
Event: 64.409 GC heap before
{Heap before GC invocations=126 (full 7):
 PSYoungGen      total 3072K, used 2879K [0x00000000eab00000, 0x00000000eb780000, 0x0000000100000000)
  eden space 1536K, 99% used [0x00000000eab00000,0x00000000eac7ff40,0x00000000eac80000)
  from space 1536K, 87% used [0x00000000eb600000,0x00000000eb750000,0x00000000eb780000)
  to   space 1536K, 0% used [0x00000000eb480000,0x00000000eb480000,0x00000000eb600000)
 ParOldGen       total 173056K, used 95121K [0x00000000c0000000, 0x00000000ca900000, 0x00000000eab00000)
  object space 173056K, 54% used [0x00000000c0000000,0x00000000c5ce4430,0x00000000ca900000)
 Metaspace       used 76355K, committed 77696K, reserved 1179648K
  class space    used 7874K, committed 8512K, reserved 1048576K
}
Event: 64.411 GC heap after
{Heap after GC invocations=126 (full 7):
 PSYoungGen      total 3072K, used 1364K [0x00000000eab00000, 0x00000000eb680000, 0x0000000100000000)
  eden space 1536K, 0% used [0x00000000eab00000,0x00000000eab00000,0x00000000eac80000)
  from space 1536K, 88% used [0x00000000eb480000,0x00000000eb5d5200,0x00000000eb600000)
  to   space 512K, 0% used [0x00000000eb600000,0x00000000eb600000,0x00000000eb680000)
 ParOldGen       total 173056K, used 95121K [0x00000000c0000000, 0x00000000ca900000, 0x00000000eab00000)
  object space 173056K, 54% used [0x00000000c0000000,0x00000000c5ce4430,0x00000000ca900000)
 Metaspace       used 76355K, committed 77696K, reserved 1179648K
  class space    used 7874K, committed 8512K, reserved 1048576K
}
Event: 64.426 GC heap before
{Heap before GC invocations=127 (full 7):
 PSYoungGen      total 3072K, used 2900K [0x00000000eab00000, 0x00000000eb680000, 0x0000000100000000)
  eden space 1536K, 100% used [0x00000000eab00000,0x00000000eac80000,0x00000000eac80000)
  from space 1536K, 88% used [0x00000000eb480000,0x00000000eb5d5200,0x00000000eb600000)
  to   space 512K, 0% used [0x00000000eb600000,0x00000000eb600000,0x00000000eb680000)
 ParOldGen       total 173056K, used 95121K [0x00000000c0000000, 0x00000000ca900000, 0x00000000eab00000)
  object space 173056K, 54% used [0x00000000c0000000,0x00000000c5ce4430,0x00000000ca900000)
 Metaspace       used 76355K, committed 77696K, reserved 1179648K
  class space    used 7874K, committed 8512K, reserved 1048576K
}
Event: 64.427 GC heap after
{Heap after GC invocations=127 (full 7):
 PSYoungGen      total 2048K, used 484K [0x00000000eab00000, 0x00000000eb680000, 0x0000000100000000)
  eden space 1536K, 0% used [0x00000000eab00000,0x00000000eab00000,0x00000000eac80000)
  from space 512K, 94% used [0x00000000eb600000,0x00000000eb679210,0x00000000eb680000)
  to   space 1536K, 0% used [0x00000000eb380000,0x00000000eb380000,0x00000000eb500000)
 ParOldGen       total 173056K, used 96137K [0x00000000c0000000, 0x00000000ca900000, 0x00000000eab00000)
  object space 173056K, 55% used [0x00000000c0000000,0x00000000c5de2440,0x00000000ca900000)
 Metaspace       used 76355K, committed 77696K, reserved 1179648K
  class space    used 7874K, committed 8512K, reserved 1048576K
}
Event: 64.438 GC heap before
{Heap before GC invocations=128 (full 7):
 PSYoungGen      total 2048K, used 2020K [0x00000000eab00000, 0x00000000eb680000, 0x0000000100000000)
  eden space 1536K, 99% used [0x00000000eab00000,0x00000000eac7ffe8,0x00000000eac80000)
  from space 512K, 94% used [0x00000000eb600000,0x00000000eb679210,0x00000000eb680000)
  to   space 1536K, 0% used [0x00000000eb380000,0x00000000eb380000,0x00000000eb500000)
 ParOldGen       total 173056K, used 96137K [0x00000000c0000000, 0x00000000ca900000, 0x00000000eab00000)
  object space 173056K, 55% used [0x00000000c0000000,0x00000000c5de2440,0x00000000ca900000)
 Metaspace       used 76364K, committed 77760K, reserved 1179648K
  class space    used 7874K, committed 8512K, reserved 1048576K
}
Event: 64.439 GC heap after
{Heap after GC invocations=128 (full 7):
 PSYoungGen      total 3072K, used 884K [0x00000000eab00000, 0x00000000eb680000, 0x0000000100000000)
  eden space 1536K, 0% used [0x00000000eab00000,0x00000000eab00000,0x00000000eac80000)
  from space 1536K, 57% used [0x00000000eb380000,0x00000000eb45d200,0x00000000eb500000)
  to   space 1536K, 0% used [0x00000000eb500000,0x00000000eb500000,0x00000000eb680000)
 ParOldGen       total 173056K, used 96155K [0x00000000c0000000, 0x00000000ca900000, 0x00000000eab00000)
  object space 173056K, 55% used [0x00000000c0000000,0x00000000c5de6e40,0x00000000ca900000)
 Metaspace       used 76364K, committed 77760K, reserved 1179648K
  class space    used 7874K, committed 8512K, reserved 1048576K
}
Event: 64.452 GC heap before
{Heap before GC invocations=129 (full 7):
 PSYoungGen      total 3072K, used 2420K [0x00000000eab00000, 0x00000000eb680000, 0x0000000100000000)
  eden space 1536K, 100% used [0x00000000eab00000,0x00000000eac80000,0x00000000eac80000)
  from space 1536K, 57% used [0x00000000eb380000,0x00000000eb45d200,0x00000000eb500000)
  to   space 1536K, 0% used [0x00000000eb500000,0x00000000eb500000,0x00000000eb680000)
 ParOldGen       total 173056K, used 96155K [0x00000000c0000000, 0x00000000ca900000, 0x00000000eab00000)
  object space 173056K, 55% used [0x00000000c0000000,0x00000000c5de6e40,0x00000000ca900000)
 Metaspace       used 76381K, committed 77760K, reserved 1179648K
  class space    used 7874K, committed 8512K, reserved 1048576K
}
Event: 64.454 GC heap after
{Heap after GC invocations=129 (full 7):
 PSYoungGen      total 3584K, used 1102K [0x00000000eab00000, 0x00000000eb680000, 0x0000000100000000)
  eden space 2048K, 0% used [0x00000000eab00000,0x00000000eab00000,0x00000000ead00000)
  from space 1536K, 71% used [0x00000000eb500000,0x00000000eb613b20,0x00000000eb680000)
  to   space 1536K, 0% used [0x00000000eb380000,0x00000000eb380000,0x00000000eb500000)
 ParOldGen       total 173056K, used 96155K [0x00000000c0000000, 0x00000000ca900000, 0x00000000eab00000)
  object space 173056K, 55% used [0x00000000c0000000,0x00000000c5de6e40,0x00000000ca900000)
 Metaspace       used 76381K, committed 77760K, reserved 1179648K
  class space    used 7874K, committed 8512K, reserved 1048576K
}
Event: 64.466 GC heap before
{Heap before GC invocations=130 (full 7):
 PSYoungGen      total 3584K, used 3150K [0x00000000eab00000, 0x00000000eb680000, 0x0000000100000000)
  eden space 2048K, 99% used [0x00000000eab00000,0x00000000eacfffd8,0x00000000ead00000)
  from space 1536K, 71% used [0x00000000eb500000,0x00000000eb613b20,0x00000000eb680000)
  to   space 1536K, 0% used [0x00000000eb380000,0x00000000eb380000,0x00000000eb500000)
 ParOldGen       total 173056K, used 96155K [0x00000000c0000000, 0x00000000ca900000, 0x00000000eab00000)
  object space 173056K, 55% used [0x00000000c0000000,0x00000000c5de6e40,0x00000000ca900000)
 Metaspace       used 76385K, committed 77760K, reserved 1179648K
  class space    used 7874K, committed 8512K, reserved 1048576K
}
Event: 64.469 GC heap after
{Heap after GC invocations=130 (full 7):
 PSYoungGen      total 4096K, used 1406K [0x00000000eab00000, 0x00000000eb580000, 0x0000000100000000)
  eden space 2560K, 0% used [0x00000000eab00000,0x00000000eab00000,0x00000000ead80000)
  from space 1536K, 91% used [0x00000000eb380000,0x00000000eb4dfb10,0x00000000eb500000)
  to   space 512K, 0% used [0x00000000eb500000,0x00000000eb500000,0x00000000eb580000)
 ParOldGen       total 173056K, used 96155K [0x00000000c0000000, 0x00000000ca900000, 0x00000000eab00000)
  object space 173056K, 55% used [0x00000000c0000000,0x00000000c5de6e40,0x00000000ca900000)
 Metaspace       used 76385K, committed 77760K, reserved 1179648K
  class space    used 7874K, committed 8512K, reserved 1048576K
}
Event: 64.830 GC heap before
{Heap before GC invocations=131 (full 7):
 PSYoungGen      total 4096K, used 3966K [0x00000000eab00000, 0x00000000eb580000, 0x0000000100000000)
  eden space 2560K, 100% used [0x00000000eab00000,0x00000000ead80000,0x00000000ead80000)
  from space 1536K, 91% used [0x00000000eb380000,0x00000000eb4dfb10,0x00000000eb500000)
  to   space 512K, 0% used [0x00000000eb500000,0x00000000eb500000,0x00000000eb580000)
 ParOldGen       total 173056K, used 96155K [0x00000000c0000000, 0x00000000ca900000, 0x00000000eab00000)
  object space 173056K, 55% used [0x00000000c0000000,0x00000000c5de6e40,0x00000000ca900000)
 Metaspace       used 76435K, committed 77888K, reserved 1179648K
  class space    used 7874K, committed 8512K, reserved 1048576K
}
Event: 64.833 GC heap after
{Heap after GC invocations=131 (full 7):
 PSYoungGen      total 3584K, used 490K [0x00000000eab00000, 0x00000000eb580000, 0x0000000100000000)
  eden space 3072K, 0% used [0x00000000eab00000,0x00000000eab00000,0x00000000eae00000)
  from space 512K, 95% used [0x00000000eb500000,0x00000000eb57a910,0x00000000eb580000)
  to   space 2048K, 0% used [0x00000000eb180000,0x00000000eb180000,0x00000000eb380000)
 ParOldGen       total 173056K, used 97301K [0x00000000c0000000, 0x00000000ca900000, 0x00000000eab00000)
  object space 173056K, 56% used [0x00000000c0000000,0x00000000c5f05488,0x00000000ca900000)
 Metaspace       used 76435K, committed 77888K, reserved 1179648K
  class space    used 7874K, committed 8512K, reserved 1048576K
}

