# JRE version: OpenJDK Runtime Environment Temurin-17.0.8.1+1 (17.0.8.1+1) (build 17.0.8.1+1)
# Java VM: OpenJDK 64-Bit Server VM Temurin-17.0.8.1+1 (17.0.8.1+1, mixed mode, tiered, compressed oops, compressed class ptrs, parallel gc, windows-amd64)
GC Precious Log:
 CPUs: 4 total, 4 available
 Memory: 3819M
 Large Page Support: Disabled
 NUMA Support: Disabled
 Compressed Oops: Enabled (32-bit)
 Alignments: Space 512K, Generation 512K, Heap 2M
 Heap Min Capacity: 100M
 Heap Initial Capacity: 100M
 Heap Max Capacity: 1G
 Pre-touch: Disabled
 Parallel Workers: 4
Heap:
 PSYoungGen      total 5120K, used 1030K [0x00000000eab00000, 0x00000000eb180000, 0x0000000100000000)
  eden space 4096K, 11% used [0x00000000eab00000,0x00000000eab78600,0x00000000eaf00000)
  from space 1024K, 53% used [0x00000000eb080000,0x00000000eb109210,0x00000000eb180000)
  to   space 1024K, 0% used [0x00000000eaf80000,0x00000000eaf80000,0x00000000eb080000)
 ParOldGen       total 120832K, used 97044K [0x00000000c0000000, 0x00000000c7600000, 0x00000000eab00000)
  object space 120832K, 80% used [0x00000000c0000000,0x00000000c5ec5260,0x00000000c7600000)
 Metaspace       used 78221K, committed 79488K, reserved 1179648K
  class space    used 8280K, committed 8832K, reserved 1048576K
GC Heap History (20 events):
Event: 217.476 GC heap before
{Heap before GC invocations=98 (full 5):
 PSYoungGen      total 6144K, used 5743K [0x00000000eab00000, 0x00000000eb680000, 0x0000000100000000)
  eden space 1024K, 99% used [0x00000000eab00000,0x00000000eabfea88,0x00000000eac00000)
  from space 5120K, 92% used [0x00000000eb180000,0x00000000eb61d530,0x00000000eb680000)
  to   space 5120K, 0% used [0x00000000eac80000,0x00000000eac80000,0x00000000eb180000)
 ParOldGen       total 120832K, used 112701K [0x00000000c0000000, 0x00000000c7600000, 0x00000000eab00000)
  object space 120832K, 93% used [0x00000000c0000000,0x00000000c6e0f660,0x00000000c7600000)
 Metaspace       used 78185K, committed 79424K, reserved 1179648K
  class space    used 8280K, committed 8832K, reserved 1048576K
}
Event: 217.479 GC heap after
{Heap after GC invocations=98 (full 5):
 PSYoungGen      total 6656K, used 5114K [0x00000000eab00000, 0x00000000eb880000, 0x0000000100000000)
  eden space 1536K, 0% used [0x00000000eab00000,0x00000000eab00000,0x00000000eac80000)
  from space 5120K, 99% used [0x00000000eac80000,0x00000000eb17eaf0,0x00000000eb180000)
  to   space 6144K, 0% used [0x00000000eb280000,0x00000000eb280000,0x00000000eb880000)
 ParOldGen       total 120832K, used 113179K [0x00000000c0000000, 0x00000000c7600000, 0x00000000eab00000)
  object space 120832K, 93% used [0x00000000c0000000,0x00000000c6e86fa0,0x00000000c7600000)
 Metaspace       used 78185K, committed 79424K, reserved 1179648K
  class space    used 8280K, committed 8832K, reserved 1048576K
}
Event: 217.491 GC heap before
{Heap before GC invocations=99 (full 5):
 PSYoungGen      total 6656K, used 6650K [0x00000000eab00000, 0x00000000eb880000, 0x0000000100000000)
  eden space 1536K, 100% used [0x00000000eab00000,0x00000000eac80000,0x00000000eac80000)
  from space 5120K, 99% used [0x00000000eac80000,0x00000000eb17eaf0,0x00000000eb180000)
  to   space 6144K, 0% used [0x00000000eb280000,0x00000000eb280000,0x00000000eb880000)
 ParOldGen       total 120832K, used 113179K [0x00000000c0000000, 0x00000000c7600000, 0x00000000eab00000)
  object space 120832K, 93% used [0x00000000c0000000,0x00000000c6e86fa0,0x00000000c7600000)
 Metaspace       used 78186K, committed 79424K, reserved 1179648K
  class space    used 8280K, committed 8832K, reserved 1048576K
}
Event: 217.494 GC heap after
{Heap after GC invocations=99 (full 5):
 PSYoungGen      total 6656K, used 6120K [0x00000000eab00000, 0x00000000ebb00000, 0x0000000100000000)
  eden space 512K, 0% used [0x00000000eab00000,0x00000000eab00000,0x00000000eab80000)
  from space 6144K, 99% used [0x00000000eb280000,0x00000000eb87a2d0,0x00000000eb880000)
  to   space 7168K, 0% used [0x00000000eab80000,0x00000000eab80000,0x00000000eb280000)
 ParOldGen       total 120832K, used 113616K [0x00000000c0000000, 0x00000000c7600000, 0x00000000eab00000)
  object space 120832K, 94% used [0x00000000c0000000,0x00000000c6ef40f8,0x00000000c7600000)
 Metaspace       used 78186K, committed 79424K, reserved 1179648K
  class space    used 8280K, committed 8832K, reserved 1048576K
}
Event: 217.505 GC heap before
{Heap before GC invocations=100 (full 5):
 PSYoungGen      total 6656K, used 6594K [0x00000000eab00000, 0x00000000ebb00000, 0x0000000100000000)
  eden space 512K, 92% used [0x00000000eab00000,0x00000000eab76920,0x00000000eab80000)
  from space 6144K, 99% used [0x00000000eb280000,0x00000000eb87a2d0,0x00000000eb880000)
  to   space 7168K, 0% used [0x00000000eab80000,0x00000000eab80000,0x00000000eb280000)
 ParOldGen       total 120832K, used 113616K [0x00000000c0000000, 0x00000000c7600000, 0x00000000eab00000)
  object space 120832K, 94% used [0x00000000c0000000,0x00000000c6ef40f8,0x00000000c7600000)
 Metaspace       used 78191K, committed 79424K, reserved 1179648K
  class space    used 8280K, committed 8832K, reserved 1048576K
}
Event: 217.508 GC heap after
{Heap after GC invocations=100 (full 5):
 PSYoungGen      total 7680K, used 6471K [0x00000000eab00000, 0x00000000eb900000, 0x0000000100000000)
  eden space 512K, 0% used [0x00000000eab00000,0x00000000eab00000,0x00000000eab80000)
  from space 7168K, 90% used [0x00000000eab80000,0x00000000eb1d1eb0,0x00000000eb280000)
  to   space 6656K, 0% used [0x00000000eb280000,0x00000000eb280000,0x00000000eb900000)
 ParOldGen       total 120832K, used 113616K [0x00000000c0000000, 0x00000000c7600000, 0x00000000eab00000)
  object space 120832K, 94% used [0x00000000c0000000,0x00000000c6ef40f8,0x00000000c7600000)
 Metaspace       used 78191K, committed 79424K, reserved 1179648K
  class space    used 8280K, committed 8832K, reserved 1048576K
}
Event: 217.510 GC heap before
{Heap before GC invocations=101 (full 5):
 PSYoungGen      total 7680K, used 6983K [0x00000000eab00000, 0x00000000eb900000, 0x0000000100000000)
  eden space 512K, 99% used [0x00000000eab00000,0x00000000eab7ffa8,0x00000000eab80000)
  from space 7168K, 90% used [0x00000000eab80000,0x00000000eb1d1eb0,0x00000000eb280000)
  to   space 6656K, 0% used [0x00000000eb280000,0x00000000eb280000,0x00000000eb900000)
 ParOldGen       total 120832K, used 113616K [0x00000000c0000000, 0x00000000c7600000, 0x00000000eab00000)
  object space 120832K, 94% used [0x00000000c0000000,0x00000000c6ef40f8,0x00000000c7600000)
 Metaspace       used 78191K, committed 79424K, reserved 1179648K
  class space    used 8280K, committed 8832K, reserved 1048576K
}
Event: 217.513 GC heap after
{Heap after GC invocations=101 (full 5):
 PSYoungGen      total 7680K, used 6509K [0x00000000eab00000, 0x00000000eb900000, 0x0000000100000000)
  eden space 1024K, 0% used [0x00000000eab00000,0x00000000eab00000,0x00000000eac00000)
  from space 6656K, 97% used [0x00000000eb280000,0x00000000eb8db788,0x00000000eb900000)
  to   space 6656K, 0% used [0x00000000eac00000,0x00000000eac00000,0x00000000eb280000)
 ParOldGen       total 120832K, used 114022K [0x00000000c0000000, 0x00000000c7600000, 0x00000000eab00000)
  object space 120832K, 94% used [0x00000000c0000000,0x00000000c6f59bc8,0x00000000c7600000)
 Metaspace       used 78191K, committed 79424K, reserved 1179648K
  class space    used 8280K, committed 8832K, reserved 1048576K
}
Event: 217.516 GC heap before
{Heap before GC invocations=102 (full 5):
 PSYoungGen      total 7680K, used 7533K [0x00000000eab00000, 0x00000000eb900000, 0x0000000100000000)
  eden space 1024K, 100% used [0x00000000eab00000,0x00000000eac00000,0x00000000eac00000)
  from space 6656K, 97% used [0x00000000eb280000,0x00000000eb8db788,0x00000000eb900000)
  to   space 6656K, 0% used [0x00000000eac00000,0x00000000eac00000,0x00000000eb280000)
 ParOldGen       total 120832K, used 114022K [0x00000000c0000000, 0x00000000c7600000, 0x00000000eab00000)
  object space 120832K, 94% used [0x00000000c0000000,0x00000000c6f59bc8,0x00000000c7600000)
 Metaspace       used 78191K, committed 79424K, reserved 1179648K
  class space    used 8280K, committed 8832K, reserved 1048576K
}
Event: 217.519 GC heap after
{Heap after GC invocations=102 (full 5):
 PSYoungGen      total 7680K, used 6131K [0x00000000eab00000, 0x00000000eb980000, 0x0000000100000000)
  eden space 1024K, 0% used [0x00000000eab00000,0x00000000eab00000,0x00000000eac00000)
  from space 6656K, 92% used [0x00000000eac00000,0x00000000eb1fce88,0x00000000eb280000)
  to   space 6656K, 0% used [0x00000000eb300000,0x00000000eb300000,0x00000000eb980000)
 ParOldGen       total 120832K, used 115373K [0x00000000c0000000, 0x00000000c7600000, 0x00000000eab00000)
  object space 120832K, 95% used [0x00000000c0000000,0x00000000c70ab6e0,0x00000000c7600000)
 Metaspace       used 78191K, committed 79424K, reserved 1179648K
  class space    used 8280K, committed 8832K, reserved 1048576K
}
Event: 217.523 GC heap before
{Heap before GC invocations=103 (full 5):
 PSYoungGen      total 7680K, used 7155K [0x00000000eab00000, 0x00000000eb980000, 0x0000000100000000)
  eden space 1024K, 100% used [0x00000000eab00000,0x00000000eac00000,0x00000000eac00000)
  from space 6656K, 92% used [0x00000000eac00000,0x00000000eb1fce88,0x00000000eb280000)
  to   space 6656K, 0% used [0x00000000eb300000,0x00000000eb300000,0x00000000eb980000)
 ParOldGen       total 120832K, used 115373K [0x00000000c0000000, 0x00000000c7600000, 0x00000000eab00000)
  object space 120832K, 95% used [0x00000000c0000000,0x00000000c70ab6e0,0x00000000c7600000)
 Metaspace       used 78191K, committed 79424K, reserved 1179648K
  class space    used 8280K, committed 8832K, reserved 1048576K
}
Event: 217.527 GC heap after
{Heap after GC invocations=103 (full 5):
 PSYoungGen      total 7680K, used 5826K [0x00000000eab00000, 0x00000000eb900000, 0x0000000100000000)
  eden space 1536K, 0% used [0x00000000eab00000,0x00000000eab00000,0x00000000eac80000)
  from space 6144K, 94% used [0x00000000eb300000,0x00000000eb8b0bf0,0x00000000eb900000)
  to   space 6144K, 0% used [0x00000000ead00000,0x00000000ead00000,0x00000000eb300000)
 ParOldGen       total 120832K, used 116733K [0x00000000c0000000, 0x00000000c7600000, 0x00000000eab00000)
  object space 120832K, 96% used [0x00000000c0000000,0x00000000c71ff6e0,0x00000000c7600000)
 Metaspace       used 78191K, committed 79424K, reserved 1179648K
  class space    used 8280K, committed 8832K, reserved 1048576K
}
Event: 270.726 GC heap before
{Heap before GC invocations=104 (full 5):
 PSYoungGen      total 7680K, used 7362K [0x00000000eab00000, 0x00000000eb900000, 0x0000000100000000)
  eden space 1536K, 99% used [0x00000000eab00000,0x00000000eac7ffc0,0x00000000eac80000)
  from space 6144K, 94% used [0x00000000eb300000,0x00000000eb8b0bf0,0x00000000eb900000)
  to   space 6144K, 0% used [0x00000000ead00000,0x00000000ead00000,0x00000000eb300000)
 ParOldGen       total 120832K, used 116733K [0x00000000c0000000, 0x00000000c7600000, 0x00000000eab00000)
  object space 120832K, 96% used [0x00000000c0000000,0x00000000c71ff6e0,0x00000000c7600000)
 Metaspace       used 78209K, committed 79424K, reserved 1179648K
  class space    used 8280K, committed 8832K, reserved 1048576K
}
Event: 270.872 GC heap after
{Heap after GC invocations=104 (full 5):
 PSYoungGen      total 4608K, used 2469K [0x00000000eab00000, 0x00000000eb500000, 0x0000000100000000)
  eden space 2048K, 0% used [0x00000000eab00000,0x00000000eab00000,0x00000000ead00000)
  from space 2560K, 96% used [0x00000000ead00000,0x00000000eaf69430,0x00000000eaf80000)
  to   space 4096K, 0% used [0x00000000eb100000,0x00000000eb100000,0x00000000eb500000)
 ParOldGen       total 120832K, used 117571K [0x00000000c0000000, 0x00000000c7600000, 0x00000000eab00000)
  object space 120832K, 97% used [0x00000000c0000000,0x00000000c72d0ca8,0x00000000c7600000)
 Metaspace       used 78209K, committed 79424K, reserved 1179648K
  class space    used 8280K, committed 8832K, reserved 1048576K
}
Event: 271.273 GC heap before
{Heap before GC invocations=105 (full 5):
 PSYoungGen      total 4608K, used 4517K [0x00000000eab00000, 0x00000000eb500000, 0x0000000100000000)
  eden space 2048K, 100% used [0x00000000eab00000,0x00000000ead00000,0x00000000ead00000)
  from space 2560K, 96% used [0x00000000ead00000,0x00000000eaf69430,0x00000000eaf80000)
  to   space 4096K, 0% used [0x00000000eb100000,0x00000000eb100000,0x00000000eb500000)
 ParOldGen       total 120832K, used 117571K [0x00000000c0000000, 0x00000000c7600000, 0x00000000eab00000)
  object space 120832K, 97% used [0x00000000c0000000,0x00000000c72d0ca8,0x00000000c7600000)
 Metaspace       used 78215K, committed 79424K, reserved 1179648K
  class space    used 8280K, committed 8832K, reserved 1048576K
}
Event: 271.283 GC heap after
{Heap after GC invocations=105 (full 5):
 PSYoungGen      total 4608K, used 1791K [0x00000000eab00000, 0x00000000eb300000, 0x0000000100000000)
  eden space 2560K, 0% used [0x00000000eab00000,0x00000000eab00000,0x00000000ead80000)
  from space 2048K, 87% used [0x00000000eb100000,0x00000000eb2bfd30,0x00000000eb300000)
  to   space 2560K, 0% used [0x00000000eae00000,0x00000000eae00000,0x00000000eb080000)
 ParOldGen       total 120832K, used 118448K [0x00000000c0000000, 0x00000000c7600000, 0x00000000eab00000)
  object space 120832K, 98% used [0x00000000c0000000,0x00000000c73ac128,0x00000000c7600000)
 Metaspace       used 78215K, committed 79424K, reserved 1179648K
  class space    used 8280K, committed 8832K, reserved 1048576K
}
Event: 271.526 GC heap before
{Heap before GC invocations=106 (full 5):
 PSYoungGen      total 4608K, used 4351K [0x00000000eab00000, 0x00000000eb300000, 0x0000000100000000)
  eden space 2560K, 100% used [0x00000000eab00000,0x00000000ead80000,0x00000000ead80000)
  from space 2048K, 87% used [0x00000000eb100000,0x00000000eb2bfd30,0x00000000eb300000)
  to   space 2560K, 0% used [0x00000000eae00000,0x00000000eae00000,0x00000000eb080000)
 ParOldGen       total 120832K, used 118448K [0x00000000c0000000, 0x00000000c7600000, 0x00000000eab00000)
  object space 120832K, 98% used [0x00000000c0000000,0x00000000c73ac128,0x00000000c7600000)
 Metaspace       used 78219K, committed 79488K, reserved 1179648K
  class space    used 8280K, committed 8832K, reserved 1048576K
}
Event: 271.529 GC heap after
{Heap after GC invocations=106 (full 5):
 PSYoungGen      total 4096K, used 596K [0x00000000eab00000, 0x00000000eb180000, 0x0000000100000000)
  eden space 3072K, 0% used [0x00000000eab00000,0x00000000eab00000,0x00000000eae00000)
  from space 1024K, 58% used [0x00000000eae00000,0x00000000eae95200,0x00000000eaf00000)
  to   space 1536K, 0% used [0x00000000eb000000,0x00000000eb000000,0x00000000eb180000)
 ParOldGen       total 120832K, used 119967K [0x00000000c0000000, 0x00000000c7600000, 0x00000000eab00000)
  object space 120832K, 99% used [0x00000000c0000000,0x00000000c7527c68,0x00000000c7600000)
 Metaspace       used 78219K, committed 79488K, reserved 1179648K
  class space    used 8280K, committed 8832K, reserved 1048576K
}
Event: 271.530 GC heap before
{Heap before GC invocations=107 (full 6):
 PSYoungGen      total 4096K, used 596K [0x00000000eab00000, 0x00000000eb180000, 0x0000000100000000)
  eden space 3072K, 0% used [0x00000000eab00000,0x00000000eab00000,0x00000000eae00000)
  from space 1024K, 58% used [0x00000000eae00000,0x00000000eae95200,0x00000000eaf00000)
  to   space 1536K, 0% used [0x00000000eb000000,0x00000000eb000000,0x00000000eb180000)
 ParOldGen       total 120832K, used 119967K [0x00000000c0000000, 0x00000000c7600000, 0x00000000eab00000)
  object space 120832K, 99% used [0x00000000c0000000,0x00000000c7527c68,0x00000000c7600000)
 Metaspace       used 78219K, committed 79488K, reserved 1179648K
  class space    used 8280K, committed 8832K, reserved 1048576K
}
Event: 273.343 GC heap after
{Heap after GC invocations=107 (full 6):
 PSYoungGen      total 5120K, used 0K [0x00000000eab00000, 0x00000000eb200000, 0x0000000100000000)
  eden space 3584K, 0% used [0x00000000eab00000,0x00000000eab00000,0x00000000eae80000)
  from space 1536K, 0% used [0x00000000eb000000,0x00000000eb000000,0x00000000eb180000)
  to   space 1536K, 0% used [0x00000000eae80000,0x00000000eae80000,0x00000000eb000000)
 ParOldGen       total 120832K, used 97044K [0x00000000c0000000, 0x00000000c7600000, 0x00000000eab00000)
  object space 120832K, 80% used [0x00000000c0000000,0x00000000c5ec5260,0x00000000c7600000)
 Metaspace       used 78219K, committed 79488K, reserved 1179648K
  class space    used 8280K, committed 8832K, reserved 1048576K
}

