# JRE version: OpenJDK Runtime Environment Temurin-17.0.8.1+1 (17.0.8.1+1) (build 17.0.8.1+1)
# Java VM: OpenJDK 64-Bit Server VM Temurin-17.0.8.1+1 (17.0.8.1+1, mixed mode, tiered, compressed oops, compressed class ptrs, parallel gc, windows-amd64)
GC Precious Log:
 CPUs: 4 total, 4 available
 Memory: 3819M
 Large Page Support: Disabled
 NUMA Support: Disabled
 Compressed Oops: Enabled (32-bit)
 Alignments: Space 512K, Generation 512K, Heap 2M
 Heap Min Capacity: 100M
 Heap Initial Capacity: 100M
 Heap Max Capacity: 1G
 Pre-touch: Disabled
 Parallel Workers: 4
Heap:
 PSYoungGen      total 4608K, used 4065K [0x00000000eab00000, 0x00000000eb200000, 0x0000000100000000)
  eden space 3584K, 85% used [0x00000000eab00000,0x00000000eadfca30,0x00000000eae80000)
  from space 1024K, 98% used [0x00000000eb000000,0x00000000eb0fbb00,0x00000000eb100000)
  to   space 1536K, 0% used [0x00000000eae80000,0x00000000eae80000,0x00000000eb000000)
 ParOldGen       total 184832K, used 138540K [0x00000000c0000000, 0x00000000cb480000, 0x00000000eab00000)
  object space 184832K, 74% used [0x00000000c0000000,0x00000000c874b358,0x00000000cb480000)
 Metaspace       used 90819K, committed 92288K, reserved 1179648K
  class space    used 9406K, committed 10048K, reserved 1048576K
GC Heap History (20 events):
Event: 1404.144 GC heap before
{Heap before GC invocations=1666 (full 56):
 PSYoungGen      total 6656K, used 6144K [0x00000000eab00000, 0x00000000eb600000, 0x0000000100000000)
  eden space 3072K, 100% used [0x00000000eab00000,0x00000000eae00000,0x00000000eae00000)
  from space 3584K, 85% used [0x00000000eb180000,0x00000000eb480000,0x00000000eb500000)
  to   space 3584K, 0% used [0x00000000eae00000,0x00000000eae00000,0x00000000eb180000)
 ParOldGen       total 184832K, used 131033K [0x00000000c0000000, 0x00000000cb480000, 0x00000000eab00000)
  object space 184832K, 70% used [0x00000000c0000000,0x00000000c7ff65f0,0x00000000cb480000)
 Metaspace       used 90804K, committed 92224K, reserved 1179648K
  class space    used 9406K, committed 10048K, reserved 1048576K
}
Event: 1404.149 GC heap after
{Heap after GC invocations=1666 (full 56):
 PSYoungGen      total 4096K, used 794K [0x00000000eab00000, 0x00000000eb300000, 0x0000000100000000)
  eden space 3072K, 0% used [0x00000000eab00000,0x00000000eab00000,0x00000000eae00000)
  from space 1024K, 77% used [0x00000000eae00000,0x00000000eaec6900,0x00000000eaf00000)
  to   space 2048K, 0% used [0x00000000eb100000,0x00000000eb100000,0x00000000eb300000)
 ParOldGen       total 184832K, used 134089K [0x00000000c0000000, 0x00000000cb480000, 0x00000000eab00000)
  object space 184832K, 72% used [0x00000000c0000000,0x00000000c82f25f0,0x00000000cb480000)
 Metaspace       used 90804K, committed 92224K, reserved 1179648K
  class space    used 9406K, committed 10048K, reserved 1048576K
}
Event: 1404.162 GC heap before
{Heap before GC invocations=1667 (full 56):
 PSYoungGen      total 4096K, used 3866K [0x00000000eab00000, 0x00000000eb300000, 0x0000000100000000)
  eden space 3072K, 100% used [0x00000000eab00000,0x00000000eae00000,0x00000000eae00000)
  from space 1024K, 77% used [0x00000000eae00000,0x00000000eaec6900,0x00000000eaf00000)
  to   space 2048K, 0% used [0x00000000eb100000,0x00000000eb100000,0x00000000eb300000)
 ParOldGen       total 184832K, used 134089K [0x00000000c0000000, 0x00000000cb480000, 0x00000000eab00000)
  object space 184832K, 72% used [0x00000000c0000000,0x00000000c82f25f0,0x00000000cb480000)
 Metaspace       used 90804K, committed 92224K, reserved 1179648K
  class space    used 9406K, committed 10048K, reserved 1048576K
}
Event: 1404.165 GC heap after
{Heap after GC invocations=1667 (full 56):
 PSYoungGen      total 5120K, used 602K [0x00000000eab00000, 0x00000000eb200000, 0x0000000100000000)
  eden space 4096K, 0% used [0x00000000eab00000,0x00000000eab00000,0x00000000eaf00000)
  from space 1024K, 58% used [0x00000000eb100000,0x00000000eb196900,0x00000000eb200000)
  to   space 1024K, 0% used [0x00000000eb000000,0x00000000eb000000,0x00000000eb100000)
 ParOldGen       total 184832K, used 134814K [0x00000000c0000000, 0x00000000cb480000, 0x00000000eab00000)
  object space 184832K, 72% used [0x00000000c0000000,0x00000000c83a7810,0x00000000cb480000)
 Metaspace       used 90804K, committed 92224K, reserved 1179648K
  class space    used 9406K, committed 10048K, reserved 1048576K
}
Event: 1448.289 GC heap before
{Heap before GC invocations=1668 (full 56):
 PSYoungGen      total 5120K, used 4698K [0x00000000eab00000, 0x00000000eb200000, 0x0000000100000000)
  eden space 4096K, 99% used [0x00000000eab00000,0x00000000eaeffff0,0x00000000eaf00000)
  from space 1024K, 58% used [0x00000000eb100000,0x00000000eb196900,0x00000000eb200000)
  to   space 1024K, 0% used [0x00000000eb000000,0x00000000eb000000,0x00000000eb100000)
 ParOldGen       total 184832K, used 134814K [0x00000000c0000000, 0x00000000cb480000, 0x00000000eab00000)
  object space 184832K, 72% used [0x00000000c0000000,0x00000000c83a7810,0x00000000cb480000)
 Metaspace       used 90804K, committed 92224K, reserved 1179648K
  class space    used 9406K, committed 10048K, reserved 1048576K
}
Event: 1448.468 GC heap after
{Heap after GC invocations=1668 (full 56):
 PSYoungGen      total 6144K, used 393K [0x00000000eab00000, 0x00000000eb180000, 0x0000000100000000)
  eden space 5120K, 0% used [0x00000000eab00000,0x00000000eab00000,0x00000000eb000000)
  from space 1024K, 38% used [0x00000000eb000000,0x00000000eb062420,0x00000000eb100000)
  to   space 512K, 0% used [0x00000000eb100000,0x00000000eb100000,0x00000000eb180000)
 ParOldGen       total 184832K, used 135326K [0x00000000c0000000, 0x00000000cb480000, 0x00000000eab00000)
  object space 184832K, 73% used [0x00000000c0000000,0x00000000c8427810,0x00000000cb480000)
 Metaspace       used 90804K, committed 92224K, reserved 1179648K
  class space    used 9406K, committed 10048K, reserved 1048576K
}
Event: 1448.743 GC heap before
{Heap before GC invocations=1669 (full 56):
 PSYoungGen      total 6144K, used 5513K [0x00000000eab00000, 0x00000000eb180000, 0x0000000100000000)
  eden space 5120K, 100% used [0x00000000eab00000,0x00000000eb000000,0x00000000eb000000)
  from space 1024K, 38% used [0x00000000eb000000,0x00000000eb062420,0x00000000eb100000)
  to   space 512K, 0% used [0x00000000eb100000,0x00000000eb100000,0x00000000eb180000)
 ParOldGen       total 184832K, used 135326K [0x00000000c0000000, 0x00000000cb480000, 0x00000000eab00000)
  object space 184832K, 73% used [0x00000000c0000000,0x00000000c8427810,0x00000000cb480000)
 Metaspace       used 90804K, committed 92224K, reserved 1179648K
  class space    used 9406K, committed 10048K, reserved 1048576K
}
Event: 1448.754 GC heap after
{Heap after GC invocations=1669 (full 56):
 PSYoungGen      total 5120K, used 500K [0x00000000eab00000, 0x00000000eb300000, 0x0000000100000000)
  eden space 4608K, 0% used [0x00000000eab00000,0x00000000eab00000,0x00000000eaf80000)
  from space 512K, 97% used [0x00000000eb100000,0x00000000eb17d200,0x00000000eb180000)
  to   space 1536K, 0% used [0x00000000eaf80000,0x00000000eaf80000,0x00000000eb100000)
 ParOldGen       total 184832K, used 136111K [0x00000000c0000000, 0x00000000cb480000, 0x00000000eab00000)
  object space 184832K, 73% used [0x00000000c0000000,0x00000000c84ebc70,0x00000000cb480000)
 Metaspace       used 90804K, committed 92224K, reserved 1179648K
  class space    used 9406K, committed 10048K, reserved 1048576K
}
Event: 1449.005 GC heap before
{Heap before GC invocations=1670 (full 56):
 PSYoungGen      total 5120K, used 5108K [0x00000000eab00000, 0x00000000eb300000, 0x0000000100000000)
  eden space 4608K, 100% used [0x00000000eab00000,0x00000000eaf80000,0x00000000eaf80000)
  from space 512K, 97% used [0x00000000eb100000,0x00000000eb17d200,0x00000000eb180000)
  to   space 1536K, 0% used [0x00000000eaf80000,0x00000000eaf80000,0x00000000eb100000)
 ParOldGen       total 184832K, used 136111K [0x00000000c0000000, 0x00000000cb480000, 0x00000000eab00000)
  object space 184832K, 73% used [0x00000000c0000000,0x00000000c84ebc70,0x00000000cb480000)
 Metaspace       used 90804K, committed 92224K, reserved 1179648K
  class space    used 9406K, committed 10048K, reserved 1048576K
}
Event: 1449.013 GC heap after
{Heap after GC invocations=1670 (full 56):
 PSYoungGen      total 5120K, used 480K [0x00000000eab00000, 0x00000000eb180000, 0x0000000100000000)
  eden space 4608K, 0% used [0x00000000eab00000,0x00000000eab00000,0x00000000eaf80000)
  from space 512K, 93% used [0x00000000eaf80000,0x00000000eaff8000,0x00000000eb000000)
  to   space 1024K, 0% used [0x00000000eb080000,0x00000000eb080000,0x00000000eb180000)
 ParOldGen       total 184832K, used 136531K [0x00000000c0000000, 0x00000000cb480000, 0x00000000eab00000)
  object space 184832K, 73% used [0x00000000c0000000,0x00000000c8554e70,0x00000000cb480000)
 Metaspace       used 90804K, committed 92224K, reserved 1179648K
  class space    used 9406K, committed 10048K, reserved 1048576K
}
Event: 1449.711 GC heap before
{Heap before GC invocations=1671 (full 56):
 PSYoungGen      total 5120K, used 5088K [0x00000000eab00000, 0x00000000eb180000, 0x0000000100000000)
  eden space 4608K, 100% used [0x00000000eab00000,0x00000000eaf80000,0x00000000eaf80000)
  from space 512K, 93% used [0x00000000eaf80000,0x00000000eaff8000,0x00000000eb000000)
  to   space 1024K, 0% used [0x00000000eb080000,0x00000000eb080000,0x00000000eb180000)
 ParOldGen       total 184832K, used 136531K [0x00000000c0000000, 0x00000000cb480000, 0x00000000eab00000)
  object space 184832K, 73% used [0x00000000c0000000,0x00000000c8554e70,0x00000000cb480000)
 Metaspace       used 90804K, committed 92224K, reserved 1179648K
  class space    used 9406K, committed 10048K, reserved 1048576K
}
Event: 1449.715 GC heap after
{Heap after GC invocations=1671 (full 56):
 PSYoungGen      total 5120K, used 964K [0x00000000eab00000, 0x00000000eb280000, 0x0000000100000000)
  eden space 4096K, 0% used [0x00000000eab00000,0x00000000eab00000,0x00000000eaf00000)
  from space 1024K, 94% used [0x00000000eb080000,0x00000000eb171210,0x00000000eb180000)
  to   space 1536K, 0% used [0x00000000eaf00000,0x00000000eaf00000,0x00000000eb080000)
 ParOldGen       total 184832K, used 136939K [0x00000000c0000000, 0x00000000cb480000, 0x00000000eab00000)
  object space 184832K, 74% used [0x00000000c0000000,0x00000000c85bae70,0x00000000cb480000)
 Metaspace       used 90804K, committed 92224K, reserved 1179648K
  class space    used 9406K, committed 10048K, reserved 1048576K
}
Event: 1450.264 GC heap before
{Heap before GC invocations=1672 (full 56):
 PSYoungGen      total 5120K, used 5060K [0x00000000eab00000, 0x00000000eb280000, 0x0000000100000000)
  eden space 4096K, 100% used [0x00000000eab00000,0x00000000eaf00000,0x00000000eaf00000)
  from space 1024K, 94% used [0x00000000eb080000,0x00000000eb171210,0x00000000eb180000)
  to   space 1536K, 0% used [0x00000000eaf00000,0x00000000eaf00000,0x00000000eb080000)
 ParOldGen       total 184832K, used 136939K [0x00000000c0000000, 0x00000000cb480000, 0x00000000eab00000)
  object space 184832K, 74% used [0x00000000c0000000,0x00000000c85bae70,0x00000000cb480000)
 Metaspace       used 90816K, committed 92288K, reserved 1179648K
  class space    used 9406K, committed 10048K, reserved 1048576K
}
Event: 1450.267 GC heap after
{Heap after GC invocations=1672 (full 56):
 PSYoungGen      total 5120K, used 698K [0x00000000eab00000, 0x00000000eb100000, 0x0000000100000000)
  eden space 4096K, 0% used [0x00000000eab00000,0x00000000eab00000,0x00000000eaf00000)
  from space 1024K, 68% used [0x00000000eaf00000,0x00000000eafae900,0x00000000eb000000)
  to   space 1024K, 0% used [0x00000000eb000000,0x00000000eb000000,0x00000000eb100000)
 ParOldGen       total 184832K, used 137844K [0x00000000c0000000, 0x00000000cb480000, 0x00000000eab00000)
  object space 184832K, 74% used [0x00000000c0000000,0x00000000c869d328,0x00000000cb480000)
 Metaspace       used 90816K, committed 92288K, reserved 1179648K
  class space    used 9406K, committed 10048K, reserved 1048576K
}
Event: 1450.321 GC heap before
{Heap before GC invocations=1673 (full 56):
 PSYoungGen      total 5120K, used 4794K [0x00000000eab00000, 0x00000000eb100000, 0x0000000100000000)
  eden space 4096K, 99% used [0x00000000eab00000,0x00000000eaeffff8,0x00000000eaf00000)
  from space 1024K, 68% used [0x00000000eaf00000,0x00000000eafae900,0x00000000eb000000)
  to   space 1024K, 0% used [0x00000000eb000000,0x00000000eb000000,0x00000000eb100000)
 ParOldGen       total 184832K, used 137844K [0x00000000c0000000, 0x00000000cb480000, 0x00000000eab00000)
  object space 184832K, 74% used [0x00000000c0000000,0x00000000c869d328,0x00000000cb480000)
 Metaspace       used 90818K, committed 92288K, reserved 1179648K
  class space    used 9406K, committed 10048K, reserved 1048576K
}
Event: 1450.323 GC heap after
{Heap after GC invocations=1673 (full 56):
 PSYoungGen      total 5120K, used 564K [0x00000000eab00000, 0x00000000eb100000, 0x0000000100000000)
  eden space 4096K, 0% used [0x00000000eab00000,0x00000000eab00000,0x00000000eaf00000)
  from space 1024K, 55% used [0x00000000eb000000,0x00000000eb08d200,0x00000000eb100000)
  to   space 1024K, 0% used [0x00000000eaf00000,0x00000000eaf00000,0x00000000eb000000)
 ParOldGen       total 184832K, used 138492K [0x00000000c0000000, 0x00000000cb480000, 0x00000000eab00000)
  object space 184832K, 74% used [0x00000000c0000000,0x00000000c873f358,0x00000000cb480000)
 Metaspace       used 90818K, committed 92288K, reserved 1179648K
  class space    used 9406K, committed 10048K, reserved 1048576K
}
Event: 1453.318 GC heap before
{Heap before GC invocations=1674 (full 56):
 PSYoungGen      total 5120K, used 4660K [0x00000000eab00000, 0x00000000eb100000, 0x0000000100000000)
  eden space 4096K, 100% used [0x00000000eab00000,0x00000000eaf00000,0x00000000eaf00000)
  from space 1024K, 55% used [0x00000000eb000000,0x00000000eb08d200,0x00000000eb100000)
  to   space 1024K, 0% used [0x00000000eaf00000,0x00000000eaf00000,0x00000000eb000000)
 ParOldGen       total 184832K, used 138492K [0x00000000c0000000, 0x00000000cb480000, 0x00000000eab00000)
  object space 184832K, 74% used [0x00000000c0000000,0x00000000c873f358,0x00000000cb480000)
 Metaspace       used 90818K, committed 92288K, reserved 1179648K
  class space    used 9406K, committed 10048K, reserved 1048576K
}
Event: 1453.321 GC heap after
{Heap after GC invocations=1674 (full 56):
 PSYoungGen      total 5120K, used 484K [0x00000000eab00000, 0x00000000eb100000, 0x0000000100000000)
  eden space 4096K, 0% used [0x00000000eab00000,0x00000000eab00000,0x00000000eaf00000)
  from space 1024K, 47% used [0x00000000eaf00000,0x00000000eaf79210,0x00000000eb000000)
  to   space 1024K, 0% used [0x00000000eb000000,0x00000000eb000000,0x00000000eb100000)
 ParOldGen       total 184832K, used 138492K [0x00000000c0000000, 0x00000000cb480000, 0x00000000eab00000)
  object space 184832K, 74% used [0x00000000c0000000,0x00000000c873f358,0x00000000cb480000)
 Metaspace       used 90818K, committed 92288K, reserved 1179648K
  class space    used 9406K, committed 10048K, reserved 1048576K
}
Event: 1453.775 GC heap before
{Heap before GC invocations=1675 (full 56):
 PSYoungGen      total 5120K, used 4580K [0x00000000eab00000, 0x00000000eb100000, 0x0000000100000000)
  eden space 4096K, 100% used [0x00000000eab00000,0x00000000eaf00000,0x00000000eaf00000)
  from space 1024K, 47% used [0x00000000eaf00000,0x00000000eaf79210,0x00000000eb000000)
  to   space 1024K, 0% used [0x00000000eb000000,0x00000000eb000000,0x00000000eb100000)
 ParOldGen       total 184832K, used 138492K [0x00000000c0000000, 0x00000000cb480000, 0x00000000eab00000)
  object space 184832K, 74% used [0x00000000c0000000,0x00000000c873f358,0x00000000cb480000)
 Metaspace       used 90818K, committed 92288K, reserved 1179648K
  class space    used 9406K, committed 10048K, reserved 1048576K
}
Event: 1453.829 GC heap after
{Heap after GC invocations=1675 (full 56):
 PSYoungGen      total 4608K, used 1006K [0x00000000eab00000, 0x00000000eb200000, 0x0000000100000000)
  eden space 3584K, 0% used [0x00000000eab00000,0x00000000eab00000,0x00000000eae80000)
  from space 1024K, 98% used [0x00000000eb000000,0x00000000eb0fbb00,0x00000000eb100000)
  to   space 1536K, 0% used [0x00000000eae80000,0x00000000eae80000,0x00000000eb000000)
 ParOldGen       total 184832K, used 138540K [0x00000000c0000000, 0x00000000cb480000, 0x00000000eab00000)
  object space 184832K, 74% used [0x00000000c0000000,0x00000000c874b358,0x00000000cb480000)
 Metaspace       used 90818K, committed 92288K, reserved 1179648K
  class space    used 9406K, committed 10048K, reserved 1048576K
}

