# JRE version: OpenJDK Runtime Environment Temurin-17.0.8.1+1 (17.0.8.1+1) (build 17.0.8.1+1)
# Java VM: OpenJDK 64-Bit Server VM Temurin-17.0.8.1+1 (17.0.8.1+1, mixed mode, tiered, compressed oops, compressed class ptrs, parallel gc, windows-amd64)
GC Precious Log:
 CPUs: 4 total, 4 available
 Memory: 3819M
 Large Page Support: Disabled
 NUMA Support: Disabled
 Compressed Oops: Enabled (32-bit)
 Alignments: Space 512K, Generation 512K, Heap 2M
 Heap Min Capacity: 100M
 Heap Initial Capacity: 100M
 Heap Max Capacity: 1G
 Pre-touch: Disabled
 Parallel Workers: 4
Heap:
 PSYoungGen      total 107008K, used 105045K [0x00000000eab00000, 0x00000000f6d80000, 0x0000000100000000)
  eden space 26112K, 92% used [0x00000000eab00000,0x00000000ec29b9e8,0x00000000ec480000)
  from space 80896K, 99% used [0x00000000ec480000,0x00000000f1379ca0,0x00000000f1380000)
  to   space 84992K, 0% used [0x00000000f1a80000,0x00000000f1a80000,0x00000000f6d80000)
 ParOldGen       total 418304K, used 389908K [0x00000000c0000000, 0x00000000d9880000, 0x00000000eab00000)
  object space 418304K, 93% used [0x00000000c0000000,0x00000000d7cc5098,0x00000000d9880000)
 Metaspace       used 90594K, committed 91968K, reserved 1179648K
  class space    used 9112K, committed 9792K, reserved 1048576K
GC Heap History (20 events):
Event: 1408.720 GC heap before
{Heap before GC invocations=1819 (full 56):
 PSYoungGen      total 77312K, used 77295K [0x00000000eab00000, 0x00000000f1880000, 0x0000000100000000)
  eden space 62976K, 100% used [0x00000000eab00000,0x00000000ee880000,0x00000000ee880000)
  from space 14336K, 99% used [0x00000000ee980000,0x00000000ef77bdf8,0x00000000ef780000)
  to   space 24576K, 0% used [0x00000000f0080000,0x00000000f0080000,0x00000000f1880000)
 ParOldGen       total 418304K, used 313291K [0x00000000c0000000, 0x00000000d9880000, 0x00000000eab00000)
  object space 418304K, 74% used [0x00000000c0000000,0x00000000d31f2c10,0x00000000d9880000)
 Metaspace       used 89967K, committed 91328K, reserved 1179648K
  class space    used 9065K, committed 9728K, reserved 1048576K
}
Event: 1409.850 GC heap after
{Heap after GC invocations=1819 (full 56):
 PSYoungGen      total 84480K, used 24562K [0x00000000eab00000, 0x00000000f1e00000, 0x0000000100000000)
  eden space 59904K, 0% used [0x00000000eab00000,0x00000000eab00000,0x00000000ee580000)
  from space 24576K, 99% used [0x00000000f0080000,0x00000000f187c830,0x00000000f1880000)
  to   space 27648K, 0% used [0x00000000ee580000,0x00000000ee580000,0x00000000f0080000)
 ParOldGen       total 418304K, used 315172K [0x00000000c0000000, 0x00000000d9880000, 0x00000000eab00000)
  object space 418304K, 75% used [0x00000000c0000000,0x00000000d33c93a8,0x00000000d9880000)
 Metaspace       used 89967K, committed 91328K, reserved 1179648K
  class space    used 9065K, committed 9728K, reserved 1048576K
}
Event: 1410.830 GC heap before
{Heap before GC invocations=1820 (full 56):
 PSYoungGen      total 84480K, used 84466K [0x00000000eab00000, 0x00000000f1e00000, 0x0000000100000000)
  eden space 59904K, 100% used [0x00000000eab00000,0x00000000ee580000,0x00000000ee580000)
  from space 24576K, 99% used [0x00000000f0080000,0x00000000f187c830,0x00000000f1880000)
  to   space 27648K, 0% used [0x00000000ee580000,0x00000000ee580000,0x00000000f0080000)
 ParOldGen       total 418304K, used 315172K [0x00000000c0000000, 0x00000000d9880000, 0x00000000eab00000)
  object space 418304K, 75% used [0x00000000c0000000,0x00000000d33c93a8,0x00000000d9880000)
 Metaspace       used 90066K, committed 91392K, reserved 1179648K
  class space    used 9080K, committed 9728K, reserved 1048576K
}
Event: 1410.862 GC heap after
{Heap after GC invocations=1820 (full 56):
 PSYoungGen      total 83968K, used 24254K [0x00000000eab00000, 0x00000000f1600000, 0x0000000100000000)
  eden space 59392K, 0% used [0x00000000eab00000,0x00000000eab00000,0x00000000ee500000)
  from space 24576K, 98% used [0x00000000ee580000,0x00000000efd2f898,0x00000000efd80000)
  to   space 25088K, 0% used [0x00000000efd80000,0x00000000efd80000,0x00000000f1600000)
 ParOldGen       total 418304K, used 316920K [0x00000000c0000000, 0x00000000d9880000, 0x00000000eab00000)
  object space 418304K, 75% used [0x00000000c0000000,0x00000000d357e010,0x00000000d9880000)
 Metaspace       used 90066K, committed 91392K, reserved 1179648K
  class space    used 9080K, committed 9728K, reserved 1048576K
}
Event: 1411.552 GC heap before
{Heap before GC invocations=1821 (full 56):
 PSYoungGen      total 83968K, used 83646K [0x00000000eab00000, 0x00000000f1600000, 0x0000000100000000)
  eden space 59392K, 100% used [0x00000000eab00000,0x00000000ee500000,0x00000000ee500000)
  from space 24576K, 98% used [0x00000000ee580000,0x00000000efd2f898,0x00000000efd80000)
  to   space 25088K, 0% used [0x00000000efd80000,0x00000000efd80000,0x00000000f1600000)
 ParOldGen       total 418304K, used 316920K [0x00000000c0000000, 0x00000000d9880000, 0x00000000eab00000)
  object space 418304K, 75% used [0x00000000c0000000,0x00000000d357e010,0x00000000d9880000)
 Metaspace       used 90081K, committed 91456K, reserved 1179648K
  class space    used 9080K, committed 9728K, reserved 1048576K
}
Event: 1411.661 GC heap after
{Heap after GC invocations=1821 (full 56):
 PSYoungGen      total 60928K, used 25082K [0x00000000eab00000, 0x00000000f4880000, 0x0000000100000000)
  eden space 35840K, 0% used [0x00000000eab00000,0x00000000eab00000,0x00000000ece00000)
  from space 25088K, 99% used [0x00000000efd80000,0x00000000f15fe9d8,0x00000000f1600000)
  to   space 48640K, 0% used [0x00000000ece00000,0x00000000ece00000,0x00000000efd80000)
 ParOldGen       total 418304K, used 336605K [0x00000000c0000000, 0x00000000d9880000, 0x00000000eab00000)
  object space 418304K, 80% used [0x00000000c0000000,0x00000000d48b7758,0x00000000d9880000)
 Metaspace       used 90081K, committed 91456K, reserved 1179648K
  class space    used 9080K, committed 9728K, reserved 1048576K
}
Event: 1412.248 GC heap before
{Heap before GC invocations=1822 (full 56):
 PSYoungGen      total 60928K, used 60894K [0x00000000eab00000, 0x00000000f4880000, 0x0000000100000000)
  eden space 35840K, 99% used [0x00000000eab00000,0x00000000ecdf8ed8,0x00000000ece00000)
  from space 25088K, 99% used [0x00000000efd80000,0x00000000f15fe9d8,0x00000000f1600000)
  to   space 48640K, 0% used [0x00000000ece00000,0x00000000ece00000,0x00000000efd80000)
 ParOldGen       total 418304K, used 336605K [0x00000000c0000000, 0x00000000d9880000, 0x00000000eab00000)
  object space 418304K, 80% used [0x00000000c0000000,0x00000000d48b7758,0x00000000d9880000)
 Metaspace       used 90107K, committed 91456K, reserved 1179648K
  class space    used 9080K, committed 9728K, reserved 1048576K
}
Event: 1412.278 GC heap after
{Heap after GC invocations=1822 (full 56):
 PSYoungGen      total 74240K, used 38363K [0x00000000eab00000, 0x00000000f1e00000, 0x0000000100000000)
  eden space 35840K, 0% used [0x00000000eab00000,0x00000000eab00000,0x00000000ece00000)
  from space 38400K, 99% used [0x00000000ece00000,0x00000000ef376c40,0x00000000ef380000)
  to   space 40960K, 0% used [0x00000000ef600000,0x00000000ef600000,0x00000000f1e00000)
 ParOldGen       total 418304K, used 336645K [0x00000000c0000000, 0x00000000d9880000, 0x00000000eab00000)
  object space 418304K, 80% used [0x00000000c0000000,0x00000000d48c1758,0x00000000d9880000)
 Metaspace       used 90107K, committed 91456K, reserved 1179648K
  class space    used 9080K, committed 9728K, reserved 1048576K
}
Event: 1413.103 GC heap before
{Heap before GC invocations=1823 (full 56):
 PSYoungGen      total 74240K, used 70891K [0x00000000eab00000, 0x00000000f1e00000, 0x0000000100000000)
  eden space 35840K, 90% used [0x00000000eab00000,0x00000000ecac4050,0x00000000ece00000)
  from space 38400K, 99% used [0x00000000ece00000,0x00000000ef376c40,0x00000000ef380000)
  to   space 40960K, 0% used [0x00000000ef600000,0x00000000ef600000,0x00000000f1e00000)
 ParOldGen       total 418304K, used 336645K [0x00000000c0000000, 0x00000000d9880000, 0x00000000eab00000)
  object space 418304K, 80% used [0x00000000c0000000,0x00000000d48c1758,0x00000000d9880000)
 Metaspace       used 90112K, committed 91456K, reserved 1179648K
  class space    used 9080K, committed 9728K, reserved 1048576K
}
Event: 1413.279 GC heap after
{Heap after GC invocations=1823 (full 56):
 PSYoungGen      total 77312K, used 39684K [0x00000000eab00000, 0x00000000f2000000, 0x0000000100000000)
  eden space 36352K, 0% used [0x00000000eab00000,0x00000000eab00000,0x00000000ece80000)
  from space 40960K, 96% used [0x00000000ef600000,0x00000000f1cc13f0,0x00000000f1e00000)
  to   space 40448K, 0% used [0x00000000ece80000,0x00000000ece80000,0x00000000ef600000)
 ParOldGen       total 418304K, used 355845K [0x00000000c0000000, 0x00000000d9880000, 0x00000000eab00000)
  object space 418304K, 85% used [0x00000000c0000000,0x00000000d5b81778,0x00000000d9880000)
 Metaspace       used 90112K, committed 91456K, reserved 1179648K
  class space    used 9080K, committed 9728K, reserved 1048576K
}
Event: 1414.779 GC heap before
{Heap before GC invocations=1824 (full 56):
 PSYoungGen      total 77312K, used 76001K [0x00000000eab00000, 0x00000000f2000000, 0x0000000100000000)
  eden space 36352K, 99% used [0x00000000eab00000,0x00000000ece77350,0x00000000ece80000)
  from space 40960K, 96% used [0x00000000ef600000,0x00000000f1cc13f0,0x00000000f1e00000)
  to   space 40448K, 0% used [0x00000000ece80000,0x00000000ece80000,0x00000000ef600000)
 ParOldGen       total 418304K, used 355845K [0x00000000c0000000, 0x00000000d9880000, 0x00000000eab00000)
  object space 418304K, 85% used [0x00000000c0000000,0x00000000d5b81778,0x00000000d9880000)
 Metaspace       used 90451K, committed 91840K, reserved 1179648K
  class space    used 9106K, committed 9792K, reserved 1048576K
}
Event: 1414.869 GC heap after
{Heap after GC invocations=1824 (full 56):
 PSYoungGen      total 76800K, used 40417K [0x00000000eab00000, 0x00000000f3b80000, 0x0000000100000000)
  eden space 36352K, 0% used [0x00000000eab00000,0x00000000eab00000,0x00000000ece80000)
  from space 40448K, 99% used [0x00000000ece80000,0x00000000ef5f8600,0x00000000ef600000)
  to   space 54272K, 0% used [0x00000000f0680000,0x00000000f0680000,0x00000000f3b80000)
 ParOldGen       total 418304K, used 367110K [0x00000000c0000000, 0x00000000d9880000, 0x00000000eab00000)
  object space 418304K, 87% used [0x00000000c0000000,0x00000000d6681808,0x00000000d9880000)
 Metaspace       used 90451K, committed 91840K, reserved 1179648K
  class space    used 9106K, committed 9792K, reserved 1048576K
}
Event: 1415.651 GC heap before
{Heap before GC invocations=1825 (full 56):
 PSYoungGen      total 76800K, used 76769K [0x00000000eab00000, 0x00000000f3b80000, 0x0000000100000000)
  eden space 36352K, 100% used [0x00000000eab00000,0x00000000ece80000,0x00000000ece80000)
  from space 40448K, 99% used [0x00000000ece80000,0x00000000ef5f8600,0x00000000ef600000)
  to   space 54272K, 0% used [0x00000000f0680000,0x00000000f0680000,0x00000000f3b80000)
 ParOldGen       total 418304K, used 367110K [0x00000000c0000000, 0x00000000d9880000, 0x00000000eab00000)
  object space 418304K, 87% used [0x00000000c0000000,0x00000000d6681808,0x00000000d9880000)
 Metaspace       used 90491K, committed 91904K, reserved 1179648K
  class space    used 9108K, committed 9792K, reserved 1048576K
}
Event: 1415.697 GC heap after
{Heap after GC invocations=1825 (full 56):
 PSYoungGen      total 88064K, used 54260K [0x00000000eab00000, 0x00000000f4680000, 0x0000000100000000)
  eden space 33792K, 0% used [0x00000000eab00000,0x00000000eab00000,0x00000000ecc00000)
  from space 54272K, 99% used [0x00000000f0680000,0x00000000f3b7d1f0,0x00000000f3b80000)
  to   space 59904K, 0% used [0x00000000ecc00000,0x00000000ecc00000,0x00000000f0680000)
 ParOldGen       total 418304K, used 370908K [0x00000000c0000000, 0x00000000d9880000, 0x00000000eab00000)
  object space 418304K, 88% used [0x00000000c0000000,0x00000000d6a37300,0x00000000d9880000)
 Metaspace       used 90491K, committed 91904K, reserved 1179648K
  class space    used 9108K, committed 9792K, reserved 1048576K
}
Event: 1416.093 GC heap before
{Heap before GC invocations=1826 (full 56):
 PSYoungGen      total 88064K, used 88052K [0x00000000eab00000, 0x00000000f4680000, 0x0000000100000000)
  eden space 33792K, 100% used [0x00000000eab00000,0x00000000ecc00000,0x00000000ecc00000)
  from space 54272K, 99% used [0x00000000f0680000,0x00000000f3b7d1f0,0x00000000f3b80000)
  to   space 59904K, 0% used [0x00000000ecc00000,0x00000000ecc00000,0x00000000f0680000)
 ParOldGen       total 418304K, used 370908K [0x00000000c0000000, 0x00000000d9880000, 0x00000000eab00000)
  object space 418304K, 88% used [0x00000000c0000000,0x00000000d6a37300,0x00000000d9880000)
 Metaspace       used 90509K, committed 91904K, reserved 1179648K
  class space    used 9109K, committed 9792K, reserved 1048576K
}
Event: 1416.156 GC heap after
{Heap after GC invocations=1826 (full 56):
 PSYoungGen      total 93696K, used 59884K [0x00000000eab00000, 0x00000000f5800000, 0x0000000100000000)
  eden space 33792K, 0% used [0x00000000eab00000,0x00000000eab00000,0x00000000ecc00000)
  from space 59904K, 99% used [0x00000000ecc00000,0x00000000f067b298,0x00000000f0680000)
  to   space 70144K, 0% used [0x00000000f1380000,0x00000000f1380000,0x00000000f5800000)
 ParOldGen       total 418304K, used 379026K [0x00000000c0000000, 0x00000000d9880000, 0x00000000eab00000)
  object space 418304K, 90% used [0x00000000c0000000,0x00000000d7224a08,0x00000000d9880000)
 Metaspace       used 90509K, committed 91904K, reserved 1179648K
  class space    used 9109K, committed 9792K, reserved 1048576K
}
Event: 1417.934 GC heap before
{Heap before GC invocations=1827 (full 56):
 PSYoungGen      total 93696K, used 93676K [0x00000000eab00000, 0x00000000f5800000, 0x0000000100000000)
  eden space 33792K, 100% used [0x00000000eab00000,0x00000000ecc00000,0x00000000ecc00000)
  from space 59904K, 99% used [0x00000000ecc00000,0x00000000f067b298,0x00000000f0680000)
  to   space 70144K, 0% used [0x00000000f1380000,0x00000000f1380000,0x00000000f5800000)
 ParOldGen       total 418304K, used 379026K [0x00000000c0000000, 0x00000000d9880000, 0x00000000eab00000)
  object space 418304K, 90% used [0x00000000c0000000,0x00000000d7224a08,0x00000000d9880000)
 Metaspace       used 90545K, committed 91904K, reserved 1179648K
  class space    used 9111K, committed 9792K, reserved 1048576K
}
Event: 1418.248 GC heap after
{Heap after GC invocations=1827 (full 56):
 PSYoungGen      total 96256K, used 70116K [0x00000000eab00000, 0x00000000f6d80000, 0x0000000100000000)
  eden space 26112K, 0% used [0x00000000eab00000,0x00000000eab00000,0x00000000ec480000)
  from space 70144K, 99% used [0x00000000f1380000,0x00000000f57f93d0,0x00000000f5800000)
  to   space 80896K, 0% used [0x00000000ec480000,0x00000000ec480000,0x00000000f1380000)
 ParOldGen       total 418304K, used 387250K [0x00000000c0000000, 0x00000000d9880000, 0x00000000eab00000)
  object space 418304K, 92% used [0x00000000c0000000,0x00000000d7a2c978,0x00000000d9880000)
 Metaspace       used 90545K, committed 91904K, reserved 1179648K
  class space    used 9111K, committed 9792K, reserved 1048576K
}
Event: 1419.858 GC heap before
{Heap before GC invocations=1828 (full 56):
 PSYoungGen      total 96256K, used 96228K [0x00000000eab00000, 0x00000000f6d80000, 0x0000000100000000)
  eden space 26112K, 100% used [0x00000000eab00000,0x00000000ec480000,0x00000000ec480000)
  from space 70144K, 99% used [0x00000000f1380000,0x00000000f57f93d0,0x00000000f5800000)
  to   space 80896K, 0% used [0x00000000ec480000,0x00000000ec480000,0x00000000f1380000)
 ParOldGen       total 418304K, used 387250K [0x00000000c0000000, 0x00000000d9880000, 0x00000000eab00000)
  object space 418304K, 92% used [0x00000000c0000000,0x00000000d7a2c978,0x00000000d9880000)
 Metaspace       used 90585K, committed 91968K, reserved 1179648K
  class space    used 9112K, committed 9792K, reserved 1048576K
}
Event: 1420.223 GC heap after
{Heap after GC invocations=1828 (full 56):
 PSYoungGen      total 107008K, used 80871K [0x00000000eab00000, 0x00000000f6d80000, 0x0000000100000000)
  eden space 26112K, 0% used [0x00000000eab00000,0x00000000eab00000,0x00000000ec480000)
  from space 80896K, 99% used [0x00000000ec480000,0x00000000f1379ca0,0x00000000f1380000)
  to   space 84992K, 0% used [0x00000000f1a80000,0x00000000f1a80000,0x00000000f6d80000)
 ParOldGen       total 418304K, used 389908K [0x00000000c0000000, 0x00000000d9880000, 0x00000000eab00000)
  object space 418304K, 93% used [0x00000000c0000000,0x00000000d7cc5098,0x00000000d9880000)
 Metaspace       used 90585K, committed 91968K, reserved 1179648K
  class space    used 9112K, committed 9792K, reserved 1048576K
}

