# JRE version: OpenJDK Runtime Environment Temurin-17.0.8.1+1 (17.0.8.1+1) (build 17.0.8.1+1)
# Java VM: OpenJDK 64-Bit Server VM Temurin-17.0.8.1+1 (17.0.8.1+1, mixed mode, tiered, compressed oops, compressed class ptrs, parallel gc, windows-amd64)
GC Precious Log:
 CPUs: 4 total, 4 available
 Memory: 3819M
 Large Page Support: Disabled
 NUMA Support: Disabled
 Compressed Oops: Enabled (32-bit)
 Alignments: Space 512K, Generation 512K, Heap 2M
 Heap Min Capacity: 100M
 Heap Initial Capacity: 100M
 Heap Max Capacity: 1G
 Pre-touch: Disabled
 Parallel Workers: 4
Heap:
 PSYoungGen      total 12288K, used 9512K [0x00000000eab00000, 0x00000000ec480000, 0x0000000100000000)
  eden space 10240K, 73% used [0x00000000eab00000,0x00000000eb250df8,0x00000000eb500000)
  from space 2048K, 98% used [0x00000000ec280000,0x00000000ec479430,0x00000000ec480000)
  to   space 3072K, 0% used [0x00000000ebe80000,0x00000000ebe80000,0x00000000ec180000)
 ParOldGen       total 121856K, used 105687K [0x00000000c0000000, 0x00000000c7700000, 0x00000000eab00000)
  object space 121856K, 86% used [0x00000000c0000000,0x00000000c6735c38,0x00000000c7700000)
 Metaspace       used 76553K, committed 77888K, reserved 1179648K
  class space    used 8139K, committed 8768K, reserved 1048576K
GC Heap History (20 events):
Event: 36.022 GC heap before
{Heap before GC invocations=50 (full 4):
 PSYoungGen      total 41472K, used 22016K [0x00000000eab00000, 0x00000000ee680000, 0x0000000100000000)
  eden space 22016K, 100% used [0x00000000eab00000,0x00000000ec080000,0x00000000ec080000)
  from space 19456K, 0% used [0x00000000ed380000,0x00000000ed380000,0x00000000ee680000)
  to   space 19456K, 0% used [0x00000000ec080000,0x00000000ec080000,0x00000000ed380000)
 ParOldGen       total 121856K, used 79469K [0x00000000c0000000, 0x00000000c7700000, 0x00000000eab00000)
  object space 121856K, 65% used [0x00000000c0000000,0x00000000c4d9b500,0x00000000c7700000)
 Metaspace       used 73954K, committed 75200K, reserved 1179648K
  class space    used 7835K, committed 8384K, reserved 1048576K
}
Event: 36.044 GC heap after
{Heap after GC invocations=50 (full 4):
 PSYoungGen      total 33280K, used 11744K [0x00000000eab00000, 0x00000000edb00000, 0x0000000100000000)
  eden space 21504K, 0% used [0x00000000eab00000,0x00000000eab00000,0x00000000ec000000)
  from space 11776K, 99% used [0x00000000ec080000,0x00000000ecbf8000,0x00000000ecc00000)
  to   space 13824K, 0% used [0x00000000ecd80000,0x00000000ecd80000,0x00000000edb00000)
 ParOldGen       total 121856K, used 79469K [0x00000000c0000000, 0x00000000c7700000, 0x00000000eab00000)
  object space 121856K, 65% used [0x00000000c0000000,0x00000000c4d9b500,0x00000000c7700000)
 Metaspace       used 73954K, committed 75200K, reserved 1179648K
  class space    used 7835K, committed 8384K, reserved 1048576K
}
Event: 36.289 GC heap before
{Heap before GC invocations=51 (full 4):
 PSYoungGen      total 33280K, used 33248K [0x00000000eab00000, 0x00000000edb00000, 0x0000000100000000)
  eden space 21504K, 100% used [0x00000000eab00000,0x00000000ec000000,0x00000000ec000000)
  from space 11776K, 99% used [0x00000000ec080000,0x00000000ecbf8000,0x00000000ecc00000)
  to   space 13824K, 0% used [0x00000000ecd80000,0x00000000ecd80000,0x00000000edb00000)
 ParOldGen       total 121856K, used 79469K [0x00000000c0000000, 0x00000000c7700000, 0x00000000eab00000)
  object space 121856K, 65% used [0x00000000c0000000,0x00000000c4d9b500,0x00000000c7700000)
 Metaspace       used 73990K, committed 75200K, reserved 1179648K
  class space    used 7837K, committed 8384K, reserved 1048576K
}
Event: 36.309 GC heap after
{Heap after GC invocations=51 (full 4):
 PSYoungGen      total 24064K, used 13808K [0x00000000eab00000, 0x00000000ef100000, 0x0000000100000000)
  eden space 10240K, 0% used [0x00000000eab00000,0x00000000eab00000,0x00000000eb500000)
  from space 13824K, 99% used [0x00000000ecd80000,0x00000000edafc010,0x00000000edb00000)
  to   space 25088K, 0% used [0x00000000eb500000,0x00000000eb500000,0x00000000ecd80000)
 ParOldGen       total 121856K, used 88677K [0x00000000c0000000, 0x00000000c7700000, 0x00000000eab00000)
  object space 121856K, 72% used [0x00000000c0000000,0x00000000c5699500,0x00000000c7700000)
 Metaspace       used 73990K, committed 75200K, reserved 1179648K
  class space    used 7837K, committed 8384K, reserved 1048576K
}
Event: 37.273 GC heap before
{Heap before GC invocations=52 (full 4):
 PSYoungGen      total 24064K, used 24041K [0x00000000eab00000, 0x00000000ef100000, 0x0000000100000000)
  eden space 10240K, 99% used [0x00000000eab00000,0x00000000eb4fe640,0x00000000eb500000)
  from space 13824K, 99% used [0x00000000ecd80000,0x00000000edafc010,0x00000000edb00000)
  to   space 25088K, 0% used [0x00000000eb500000,0x00000000eb500000,0x00000000ecd80000)
 ParOldGen       total 121856K, used 88677K [0x00000000c0000000, 0x00000000c7700000, 0x00000000eab00000)
  object space 121856K, 72% used [0x00000000c0000000,0x00000000c5699500,0x00000000c7700000)
 Metaspace       used 74576K, committed 75904K, reserved 1179648K
  class space    used 7914K, committed 8512K, reserved 1048576K
}
Event: 37.288 GC heap after
{Heap after GC invocations=52 (full 4):
 PSYoungGen      total 11264K, used 800K [0x00000000eab00000, 0x00000000ece00000, 0x0000000100000000)
  eden space 10240K, 0% used [0x00000000eab00000,0x00000000eab00000,0x00000000eb500000)
  from space 1024K, 78% used [0x00000000eb500000,0x00000000eb5c8000,0x00000000eb600000)
  to   space 9216K, 0% used [0x00000000ec500000,0x00000000ec500000,0x00000000ece00000)
 ParOldGen       total 121856K, used 102517K [0x00000000c0000000, 0x00000000c7700000, 0x00000000eab00000)
  object space 121856K, 84% used [0x00000000c0000000,0x00000000c641d510,0x00000000c7700000)
 Metaspace       used 74576K, committed 75904K, reserved 1179648K
  class space    used 7914K, committed 8512K, reserved 1048576K
}
Event: 38.453 GC heap before
{Heap before GC invocations=53 (full 4):
 PSYoungGen      total 11264K, used 10413K [0x00000000eab00000, 0x00000000ece00000, 0x0000000100000000)
  eden space 10240K, 93% used [0x00000000eab00000,0x00000000eb463568,0x00000000eb500000)
  from space 1024K, 78% used [0x00000000eb500000,0x00000000eb5c8000,0x00000000eb600000)
  to   space 9216K, 0% used [0x00000000ec500000,0x00000000ec500000,0x00000000ece00000)
 ParOldGen       total 121856K, used 102517K [0x00000000c0000000, 0x00000000c7700000, 0x00000000eab00000)
  object space 121856K, 84% used [0x00000000c0000000,0x00000000c641d510,0x00000000c7700000)
 Metaspace       used 74832K, committed 76224K, reserved 1179648K
  class space    used 7946K, committed 8576K, reserved 1048576K
}
Event: 38.455 GC heap after
{Heap after GC invocations=53 (full 4):
 PSYoungGen      total 11264K, used 928K [0x00000000eab00000, 0x00000000ec600000, 0x0000000100000000)
  eden space 10240K, 0% used [0x00000000eab00000,0x00000000eab00000,0x00000000eb500000)
  from space 1024K, 90% used [0x00000000ec500000,0x00000000ec5e8000,0x00000000ec600000)
  to   space 2560K, 0% used [0x00000000ec100000,0x00000000ec100000,0x00000000ec380000)
 ParOldGen       total 121856K, used 102525K [0x00000000c0000000, 0x00000000c7700000, 0x00000000eab00000)
  object space 121856K, 84% used [0x00000000c0000000,0x00000000c641f510,0x00000000c7700000)
 Metaspace       used 74832K, committed 76224K, reserved 1179648K
  class space    used 7946K, committed 8576K, reserved 1048576K
}
Event: 39.671 GC heap before
{Heap before GC invocations=54 (full 4):
 PSYoungGen      total 11264K, used 11167K [0x00000000eab00000, 0x00000000ec600000, 0x0000000100000000)
  eden space 10240K, 99% used [0x00000000eab00000,0x00000000eb4ffcf0,0x00000000eb500000)
  from space 1024K, 90% used [0x00000000ec500000,0x00000000ec5e8000,0x00000000ec600000)
  to   space 2560K, 0% used [0x00000000ec100000,0x00000000ec100000,0x00000000ec380000)
 ParOldGen       total 121856K, used 102525K [0x00000000c0000000, 0x00000000c7700000, 0x00000000eab00000)
  object space 121856K, 84% used [0x00000000c0000000,0x00000000c641f510,0x00000000c7700000)
 Metaspace       used 74942K, committed 76288K, reserved 1179648K
  class space    used 7950K, committed 8576K, reserved 1048576K
}
Event: 39.673 GC heap after
{Heap after GC invocations=54 (full 4):
 PSYoungGen      total 12800K, used 928K [0x00000000eab00000, 0x00000000ec580000, 0x0000000100000000)
  eden space 10240K, 0% used [0x00000000eab00000,0x00000000eab00000,0x00000000eb500000)
  from space 2560K, 36% used [0x00000000ec100000,0x00000000ec1e8000,0x00000000ec380000)
  to   space 1536K, 0% used [0x00000000ec400000,0x00000000ec400000,0x00000000ec580000)
 ParOldGen       total 121856K, used 102533K [0x00000000c0000000, 0x00000000c7700000, 0x00000000eab00000)
  object space 121856K, 84% used [0x00000000c0000000,0x00000000c6421510,0x00000000c7700000)
 Metaspace       used 74942K, committed 76288K, reserved 1179648K
  class space    used 7950K, committed 8576K, reserved 1048576K
}
Event: 40.190 GC heap before
{Heap before GC invocations=55 (full 4):
 PSYoungGen      total 12800K, used 10873K [0x00000000eab00000, 0x00000000ec580000, 0x0000000100000000)
  eden space 10240K, 97% used [0x00000000eab00000,0x00000000eb4b6468,0x00000000eb500000)
  from space 2560K, 36% used [0x00000000ec100000,0x00000000ec1e8000,0x00000000ec380000)
  to   space 1536K, 0% used [0x00000000ec400000,0x00000000ec400000,0x00000000ec580000)
 ParOldGen       total 121856K, used 102533K [0x00000000c0000000, 0x00000000c7700000, 0x00000000eab00000)
  object space 121856K, 84% used [0x00000000c0000000,0x00000000c6421510,0x00000000c7700000)
 Metaspace       used 74975K, committed 76288K, reserved 1179648K
  class space    used 7950K, committed 8576K, reserved 1048576K
}
Event: 40.192 GC heap after
{Heap after GC invocations=55 (full 4):
 PSYoungGen      total 11264K, used 884K [0x00000000eab00000, 0x00000000ec500000, 0x0000000100000000)
  eden space 10240K, 0% used [0x00000000eab00000,0x00000000eab00000,0x00000000eb500000)
  from space 1024K, 86% used [0x00000000ec400000,0x00000000ec4dd200,0x00000000ec500000)
  to   space 1024K, 0% used [0x00000000ec300000,0x00000000ec300000,0x00000000ec400000)
 ParOldGen       total 121856K, used 102541K [0x00000000c0000000, 0x00000000c7700000, 0x00000000eab00000)
  object space 121856K, 84% used [0x00000000c0000000,0x00000000c6423510,0x00000000c7700000)
 Metaspace       used 74975K, committed 76288K, reserved 1179648K
  class space    used 7950K, committed 8576K, reserved 1048576K
}
Event: 40.401 GC heap before
{Heap before GC invocations=56 (full 4):
 PSYoungGen      total 11264K, used 11124K [0x00000000eab00000, 0x00000000ec500000, 0x0000000100000000)
  eden space 10240K, 100% used [0x00000000eab00000,0x00000000eb500000,0x00000000eb500000)
  from space 1024K, 86% used [0x00000000ec400000,0x00000000ec4dd200,0x00000000ec500000)
  to   space 1024K, 0% used [0x00000000ec300000,0x00000000ec300000,0x00000000ec400000)
 ParOldGen       total 121856K, used 102541K [0x00000000c0000000, 0x00000000c7700000, 0x00000000eab00000)
  object space 121856K, 84% used [0x00000000c0000000,0x00000000c6423510,0x00000000c7700000)
 Metaspace       used 74991K, committed 76352K, reserved 1179648K
  class space    used 7950K, committed 8576K, reserved 1048576K
}
Event: 40.402 GC heap after
{Heap after GC invocations=56 (full 4):
 PSYoungGen      total 11264K, used 832K [0x00000000eab00000, 0x00000000ec480000, 0x0000000100000000)
  eden space 10240K, 0% used [0x00000000eab00000,0x00000000eab00000,0x00000000eb500000)
  from space 1024K, 81% used [0x00000000ec300000,0x00000000ec3d0000,0x00000000ec400000)
  to   space 512K, 0% used [0x00000000ec400000,0x00000000ec400000,0x00000000ec480000)
 ParOldGen       total 121856K, used 102541K [0x00000000c0000000, 0x00000000c7700000, 0x00000000eab00000)
  object space 121856K, 84% used [0x00000000c0000000,0x00000000c6423510,0x00000000c7700000)
 Metaspace       used 74991K, committed 76352K, reserved 1179648K
  class space    used 7950K, committed 8576K, reserved 1048576K
}
Event: 110.221 GC heap before
{Heap before GC invocations=57 (full 4):
 PSYoungGen      total 11264K, used 11072K [0x00000000eab00000, 0x00000000ec480000, 0x0000000100000000)
  eden space 10240K, 100% used [0x00000000eab00000,0x00000000eb500000,0x00000000eb500000)
  from space 1024K, 81% used [0x00000000ec300000,0x00000000ec3d0000,0x00000000ec400000)
  to   space 512K, 0% used [0x00000000ec400000,0x00000000ec400000,0x00000000ec480000)
 ParOldGen       total 121856K, used 102541K [0x00000000c0000000, 0x00000000c7700000, 0x00000000eab00000)
  object space 121856K, 84% used [0x00000000c0000000,0x00000000c6423510,0x00000000c7700000)
 Metaspace       used 75621K, committed 76992K, reserved 1179648K
  class space    used 8051K, committed 8704K, reserved 1048576K
}
Event: 110.336 GC heap after
{Heap after GC invocations=57 (full 4):
 PSYoungGen      total 10752K, used 512K [0x00000000eab00000, 0x00000000ec480000, 0x0000000100000000)
  eden space 10240K, 0% used [0x00000000eab00000,0x00000000eab00000,0x00000000eb500000)
  from space 512K, 100% used [0x00000000ec400000,0x00000000ec480000,0x00000000ec480000)
  to   space 2048K, 0% used [0x00000000ec080000,0x00000000ec080000,0x00000000ec280000)
 ParOldGen       total 121856K, used 103618K [0x00000000c0000000, 0x00000000c7700000, 0x00000000eab00000)
  object space 121856K, 85% used [0x00000000c0000000,0x00000000c6530928,0x00000000c7700000)
 Metaspace       used 75621K, committed 76992K, reserved 1179648K
  class space    used 8051K, committed 8704K, reserved 1048576K
}
Event: 110.523 GC heap before
{Heap before GC invocations=58 (full 4):
 PSYoungGen      total 10752K, used 10752K [0x00000000eab00000, 0x00000000ec480000, 0x0000000100000000)
  eden space 10240K, 100% used [0x00000000eab00000,0x00000000eb500000,0x00000000eb500000)
  from space 512K, 100% used [0x00000000ec400000,0x00000000ec480000,0x00000000ec480000)
  to   space 2048K, 0% used [0x00000000ec080000,0x00000000ec080000,0x00000000ec280000)
 ParOldGen       total 121856K, used 103618K [0x00000000c0000000, 0x00000000c7700000, 0x00000000eab00000)
  object space 121856K, 85% used [0x00000000c0000000,0x00000000c6530928,0x00000000c7700000)
 Metaspace       used 75746K, committed 77184K, reserved 1179648K
  class space    used 8054K, committed 8704K, reserved 1048576K
}
Event: 110.533 GC heap after
{Heap after GC invocations=58 (full 4):
 PSYoungGen      total 12288K, used 2021K [0x00000000eab00000, 0x00000000ec480000, 0x0000000100000000)
  eden space 10240K, 0% used [0x00000000eab00000,0x00000000eab00000,0x00000000eb500000)
  from space 2048K, 98% used [0x00000000ec080000,0x00000000ec279430,0x00000000ec280000)
  to   space 2048K, 0% used [0x00000000ec280000,0x00000000ec280000,0x00000000ec480000)
 ParOldGen       total 121856K, used 105368K [0x00000000c0000000, 0x00000000c7700000, 0x00000000eab00000)
  object space 121856K, 86% used [0x00000000c0000000,0x00000000c66e6328,0x00000000c7700000)
 Metaspace       used 75746K, committed 77184K, reserved 1179648K
  class space    used 8054K, committed 8704K, reserved 1048576K
}
Event: 111.366 GC heap before
{Heap before GC invocations=59 (full 4):
 PSYoungGen      total 12288K, used 12261K [0x00000000eab00000, 0x00000000ec480000, 0x0000000100000000)
  eden space 10240K, 100% used [0x00000000eab00000,0x00000000eb500000,0x00000000eb500000)
  from space 2048K, 98% used [0x00000000ec080000,0x00000000ec279430,0x00000000ec280000)
  to   space 2048K, 0% used [0x00000000ec280000,0x00000000ec280000,0x00000000ec480000)
 ParOldGen       total 121856K, used 105368K [0x00000000c0000000, 0x00000000c7700000, 0x00000000eab00000)
  object space 121856K, 86% used [0x00000000c0000000,0x00000000c66e6328,0x00000000c7700000)
 Metaspace       used 76175K, committed 77632K, reserved 1179648K
  class space    used 8102K, committed 8768K, reserved 1048576K
}
Event: 111.371 GC heap after
{Heap after GC invocations=59 (full 4):
 PSYoungGen      total 12288K, used 2021K [0x00000000eab00000, 0x00000000ec480000, 0x0000000100000000)
  eden space 10240K, 0% used [0x00000000eab00000,0x00000000eab00000,0x00000000eb500000)
  from space 2048K, 98% used [0x00000000ec280000,0x00000000ec479430,0x00000000ec480000)
  to   space 3072K, 0% used [0x00000000ebe80000,0x00000000ebe80000,0x00000000ec180000)
 ParOldGen       total 121856K, used 105687K [0x00000000c0000000, 0x00000000c7700000, 0x00000000eab00000)
  object space 121856K, 86% used [0x00000000c0000000,0x00000000c6735c38,0x00000000c7700000)
 Metaspace       used 76175K, committed 77632K, reserved 1179648K
  class space    used 8102K, committed 8768K, reserved 1048576K
}

