# JRE version: OpenJDK Runtime Environment Temurin-17.0.8.1+1 (17.0.8.1+1) (build 17.0.8.1+1)
# Java VM: OpenJDK 64-Bit Server VM Temurin-17.0.8.1+1 (17.0.8.1+1, mixed mode, tiered, compressed oops, compressed class ptrs, parallel gc, windows-amd64)
GC Precious Log:
 CPUs: 4 total, 4 available
 Memory: 3819M
 Large Page Support: Disabled
 NUMA Support: Disabled
 Compressed Oops: Enabled (32-bit)
 Alignments: Space 512K, Generation 512K, Heap 2M
 Heap Min Capacity: 100M
 Heap Initial Capacity: 100M
 Heap Max Capacity: 1G
 Pre-touch: Disabled
 Parallel Workers: 4
Heap:
 PSYoungGen      total 33280K, used 29883K [0x00000000eab00000, 0x00000000ee800000, 0x0000000100000000)
  eden space 13824K, 75% used [0x00000000eab00000,0x00000000eb5331a8,0x00000000eb880000)
  from space 19456K, 99% used [0x00000000ec200000,0x00000000ed4fbaf8,0x00000000ed500000)
  to   space 13312K, 0% used [0x00000000edb00000,0x00000000edb00000,0x00000000ee800000)
 ParOldGen       total 272384K, used 202626K [0x00000000c0000000, 0x00000000d0a00000, 0x00000000eab00000)
  object space 272384K, 74% used [0x00000000c0000000,0x00000000cc5e0ab0,0x00000000d0a00000)
 Metaspace       used 87694K, committed 89216K, reserved 1179648K
  class space    used 9113K, committed 9856K, reserved 1048576K
GC Heap History (20 events):
Event: 416.435 GC heap before
{Heap before GC invocations=913 (full 44):
 PSYoungGen      total 38400K, used 30752K [0x00000000eab00000, 0x00000000eea00000, 0x0000000100000000)
  eden space 26624K, 71% used [0x00000000eab00000,0x00000000ebd892d0,0x00000000ec500000)
  from space 11776K, 99% used [0x00000000ec600000,0x00000000ed17f000,0x00000000ed180000)
  to   space 18944K, 0% used [0x00000000ed780000,0x00000000ed780000,0x00000000eea00000)
 ParOldGen       total 238592K, used 189981K [0x00000000c0000000, 0x00000000ce900000, 0x00000000eab00000)
  object space 238592K, 79% used [0x00000000c0000000,0x00000000cb987488,0x00000000ce900000)
 Metaspace       used 87450K, committed 88960K, reserved 1179648K
  class space    used 9111K, committed 9792K, reserved 1048576K
}
Event: 416.443 GC heap after
{Heap after GC invocations=913 (full 44):
 PSYoungGen      total 35328K, used 8556K [0x00000000eab00000, 0x00000000ee000000, 0x0000000100000000)
  eden space 26624K, 0% used [0x00000000eab00000,0x00000000eab00000,0x00000000ec500000)
  from space 8704K, 98% used [0x00000000ed780000,0x00000000edfdb2d8,0x00000000ee000000)
  to   space 12288K, 0% used [0x00000000ec800000,0x00000000ec800000,0x00000000ed400000)
 ParOldGen       total 238592K, used 193543K [0x00000000c0000000, 0x00000000ce900000, 0x00000000eab00000)
  object space 238592K, 81% used [0x00000000c0000000,0x00000000cbd01d70,0x00000000ce900000)
 Metaspace       used 87450K, committed 88960K, reserved 1179648K
  class space    used 9111K, committed 9792K, reserved 1048576K
}
Event: 416.449 GC heap before
{Heap before GC invocations=914 (full 44):
 PSYoungGen      total 35328K, used 28040K [0x00000000eab00000, 0x00000000ee000000, 0x0000000100000000)
  eden space 26624K, 73% used [0x00000000eab00000,0x00000000ebe06ee0,0x00000000ec500000)
  from space 8704K, 98% used [0x00000000ed780000,0x00000000edfdb2d8,0x00000000ee000000)
  to   space 12288K, 0% used [0x00000000ec800000,0x00000000ec800000,0x00000000ed400000)
 ParOldGen       total 238592K, used 193543K [0x00000000c0000000, 0x00000000ce900000, 0x00000000eab00000)
  object space 238592K, 81% used [0x00000000c0000000,0x00000000cbd01d70,0x00000000ce900000)
 Metaspace       used 87450K, committed 88960K, reserved 1179648K
  class space    used 9111K, committed 9792K, reserved 1048576K
}
Event: 416.463 GC heap after
{Heap after GC invocations=914 (full 44):
 PSYoungGen      total 38400K, used 8562K [0x00000000eab00000, 0x00000000eda80000, 0x0000000100000000)
  eden space 29696K, 0% used [0x00000000eab00000,0x00000000eab00000,0x00000000ec800000)
  from space 8704K, 98% used [0x00000000ec800000,0x00000000ed05c9d8,0x00000000ed080000)
  to   space 9216K, 0% used [0x00000000ed180000,0x00000000ed180000,0x00000000eda80000)
 ParOldGen       total 238592K, used 212743K [0x00000000c0000000, 0x00000000ce900000, 0x00000000eab00000)
  object space 238592K, 89% used [0x00000000c0000000,0x00000000ccfc1d90,0x00000000ce900000)
 Metaspace       used 87450K, committed 88960K, reserved 1179648K
  class space    used 9111K, committed 9792K, reserved 1048576K
}
Event: 417.145 GC heap before
{Heap before GC invocations=915 (full 44):
 PSYoungGen      total 38400K, used 38258K [0x00000000eab00000, 0x00000000eda80000, 0x0000000100000000)
  eden space 29696K, 100% used [0x00000000eab00000,0x00000000ec800000,0x00000000ec800000)
  from space 8704K, 98% used [0x00000000ec800000,0x00000000ed05c9d8,0x00000000ed080000)
  to   space 9216K, 0% used [0x00000000ed180000,0x00000000ed180000,0x00000000eda80000)
 ParOldGen       total 238592K, used 212743K [0x00000000c0000000, 0x00000000ce900000, 0x00000000eab00000)
  object space 238592K, 89% used [0x00000000c0000000,0x00000000ccfc1d90,0x00000000ce900000)
 Metaspace       used 87466K, committed 88960K, reserved 1179648K
  class space    used 9111K, committed 9792K, reserved 1048576K
}
Event: 417.157 GC heap after
{Heap after GC invocations=915 (full 44):
 PSYoungGen      total 36352K, used 1763K [0x00000000eab00000, 0x00000000ed480000, 0x0000000100000000)
  eden space 33280K, 0% used [0x00000000eab00000,0x00000000eab00000,0x00000000ecb80000)
  from space 3072K, 57% used [0x00000000ed180000,0x00000000ed338f18,0x00000000ed480000)
  to   space 4608K, 0% used [0x00000000ecb80000,0x00000000ecb80000,0x00000000ed000000)
 ParOldGen       total 238592K, used 217727K [0x00000000c0000000, 0x00000000ce900000, 0x00000000eab00000)
  object space 238592K, 91% used [0x00000000c0000000,0x00000000cd49ff98,0x00000000ce900000)
 Metaspace       used 87466K, committed 88960K, reserved 1179648K
  class space    used 9111K, committed 9792K, reserved 1048576K
}
Event: 418.068 GC heap before
{Heap before GC invocations=916 (full 44):
 PSYoungGen      total 36352K, used 32937K [0x00000000eab00000, 0x00000000ed480000, 0x0000000100000000)
  eden space 33280K, 93% used [0x00000000eab00000,0x00000000ec9716d8,0x00000000ecb80000)
  from space 3072K, 57% used [0x00000000ed180000,0x00000000ed338f18,0x00000000ed480000)
  to   space 4608K, 0% used [0x00000000ecb80000,0x00000000ecb80000,0x00000000ed000000)
 ParOldGen       total 238592K, used 217727K [0x00000000c0000000, 0x00000000ce900000, 0x00000000eab00000)
  object space 238592K, 91% used [0x00000000c0000000,0x00000000cd49ff98,0x00000000ce900000)
 Metaspace       used 87522K, committed 89024K, reserved 1179648K
  class space    used 9111K, committed 9792K, reserved 1048576K
}
Event: 418.084 GC heap after
{Heap after GC invocations=916 (full 44):
 PSYoungGen      total 37888K, used 1812K [0x00000000eab00000, 0x00000000ed380000, 0x0000000100000000)
  eden space 33280K, 0% used [0x00000000eab00000,0x00000000eab00000,0x00000000ecb80000)
  from space 4608K, 39% used [0x00000000ecb80000,0x00000000ecd45200,0x00000000ed000000)
  to   space 2560K, 0% used [0x00000000ed100000,0x00000000ed100000,0x00000000ed380000)
 ParOldGen       total 238592K, used 225964K [0x00000000c0000000, 0x00000000ce900000, 0x00000000eab00000)
  object space 238592K, 94% used [0x00000000c0000000,0x00000000cdcab1b0,0x00000000ce900000)
 Metaspace       used 87522K, committed 89024K, reserved 1179648K
  class space    used 9111K, committed 9792K, reserved 1048576K
}
Event: 418.839 GC heap before
{Heap before GC invocations=917 (full 44):
 PSYoungGen      total 37888K, used 35092K [0x00000000eab00000, 0x00000000ed380000, 0x0000000100000000)
  eden space 33280K, 100% used [0x00000000eab00000,0x00000000ecb80000,0x00000000ecb80000)
  from space 4608K, 39% used [0x00000000ecb80000,0x00000000ecd45200,0x00000000ed000000)
  to   space 2560K, 0% used [0x00000000ed100000,0x00000000ed100000,0x00000000ed380000)
 ParOldGen       total 238592K, used 225964K [0x00000000c0000000, 0x00000000ce900000, 0x00000000eab00000)
  object space 238592K, 94% used [0x00000000c0000000,0x00000000cdcab1b0,0x00000000ce900000)
 Metaspace       used 87555K, committed 89024K, reserved 1179648K
  class space    used 9111K, committed 9792K, reserved 1048576K
}
Event: 418.842 GC heap after
{Heap after GC invocations=917 (full 44):
 PSYoungGen      total 37888K, used 2041K [0x00000000eab00000, 0x00000000ed300000, 0x0000000100000000)
  eden space 35840K, 0% used [0x00000000eab00000,0x00000000eab00000,0x00000000ece00000)
  from space 2048K, 99% used [0x00000000ed100000,0x00000000ed2fe410,0x00000000ed300000)
  to   space 2560K, 0% used [0x00000000ece00000,0x00000000ece00000,0x00000000ed080000)
 ParOldGen       total 238592K, used 225972K [0x00000000c0000000, 0x00000000ce900000, 0x00000000eab00000)
  object space 238592K, 94% used [0x00000000c0000000,0x00000000cdcad1b0,0x00000000ce900000)
 Metaspace       used 87555K, committed 89024K, reserved 1179648K
  class space    used 9111K, committed 9792K, reserved 1048576K
}
Event: 420.134 GC heap before
{Heap before GC invocations=918 (full 44):
 PSYoungGen      total 37888K, used 37881K [0x00000000eab00000, 0x00000000ed300000, 0x0000000100000000)
  eden space 35840K, 100% used [0x00000000eab00000,0x00000000ece00000,0x00000000ece00000)
  from space 2048K, 99% used [0x00000000ed100000,0x00000000ed2fe410,0x00000000ed300000)
  to   space 2560K, 0% used [0x00000000ece00000,0x00000000ece00000,0x00000000ed080000)
 ParOldGen       total 238592K, used 225972K [0x00000000c0000000, 0x00000000ce900000, 0x00000000eab00000)
  object space 238592K, 94% used [0x00000000c0000000,0x00000000cdcad1b0,0x00000000ce900000)
 Metaspace       used 87659K, committed 89152K, reserved 1179648K
  class space    used 9112K, committed 9792K, reserved 1048576K
}
Event: 420.147 GC heap after
{Heap after GC invocations=918 (full 44):
 PSYoungGen      total 38400K, used 2537K [0x00000000eab00000, 0x00000000ee280000, 0x0000000100000000)
  eden space 35840K, 0% used [0x00000000eab00000,0x00000000eab00000,0x00000000ece00000)
  from space 2560K, 99% used [0x00000000ece00000,0x00000000ed07a610,0x00000000ed080000)
  to   space 9216K, 0% used [0x00000000ed980000,0x00000000ed980000,0x00000000ee280000)
 ParOldGen       total 238592K, used 231458K [0x00000000c0000000, 0x00000000ce900000, 0x00000000eab00000)
  object space 238592K, 97% used [0x00000000c0000000,0x00000000ce208a00,0x00000000ce900000)
 Metaspace       used 87659K, committed 89152K, reserved 1179648K
  class space    used 9112K, committed 9792K, reserved 1048576K
}
Event: 420.425 GC heap before
{Heap before GC invocations=919 (full 44):
 PSYoungGen      total 38400K, used 37874K [0x00000000eab00000, 0x00000000ee280000, 0x0000000100000000)
  eden space 35840K, 98% used [0x00000000eab00000,0x00000000ecd82280,0x00000000ece00000)
  from space 2560K, 99% used [0x00000000ece00000,0x00000000ed07a610,0x00000000ed080000)
  to   space 9216K, 0% used [0x00000000ed980000,0x00000000ed980000,0x00000000ee280000)
 ParOldGen       total 238592K, used 231458K [0x00000000c0000000, 0x00000000ce900000, 0x00000000eab00000)
  object space 238592K, 97% used [0x00000000c0000000,0x00000000ce208a00,0x00000000ce900000)
 Metaspace       used 87668K, committed 89152K, reserved 1179648K
  class space    used 9112K, committed 9792K, reserved 1048576K
}
Event: 420.483 GC heap after
{Heap after GC invocations=919 (full 44):
 PSYoungGen      total 23040K, used 9211K [0x00000000eab00000, 0x00000000f1300000, 0x0000000100000000)
  eden space 13824K, 0% used [0x00000000eab00000,0x00000000eab00000,0x00000000eb880000)
  from space 9216K, 99% used [0x00000000ed980000,0x00000000ee27ec20,0x00000000ee280000)
  to   space 33792K, 0% used [0x00000000eb880000,0x00000000eb880000,0x00000000ed980000)
 ParOldGen       total 258560K, used 251858K [0x00000000c0000000, 0x00000000cfc80000, 0x00000000eab00000)
  object space 258560K, 97% used [0x00000000c0000000,0x00000000cf5f4a20,0x00000000cfc80000)
 Metaspace       used 87668K, committed 89152K, reserved 1179648K
  class space    used 9112K, committed 9792K, reserved 1048576K
}
Event: 420.483 GC heap before
{Heap before GC invocations=920 (full 45):
 PSYoungGen      total 23040K, used 9211K [0x00000000eab00000, 0x00000000f1300000, 0x0000000100000000)
  eden space 13824K, 0% used [0x00000000eab00000,0x00000000eab00000,0x00000000eb880000)
  from space 9216K, 99% used [0x00000000ed980000,0x00000000ee27ec20,0x00000000ee280000)
  to   space 33792K, 0% used [0x00000000eb880000,0x00000000eb880000,0x00000000ed980000)
 ParOldGen       total 258560K, used 251858K [0x00000000c0000000, 0x00000000cfc80000, 0x00000000eab00000)
  object space 258560K, 97% used [0x00000000c0000000,0x00000000cf5f4a20,0x00000000cfc80000)
 Metaspace       used 87668K, committed 89152K, reserved 1179648K
  class space    used 9112K, committed 9792K, reserved 1048576K
}
Event: 421.240 GC heap after
{Heap after GC invocations=920 (full 45):
 PSYoungGen      total 47616K, used 0K [0x00000000eab00000, 0x00000000efc00000, 0x0000000100000000)
  eden space 13824K, 0% used [0x00000000eab00000,0x00000000eab00000,0x00000000eb880000)
  from space 33792K, 0% used [0x00000000eb880000,0x00000000eb880000,0x00000000ed980000)
  to   space 33792K, 0% used [0x00000000edb00000,0x00000000edb00000,0x00000000efc00000)
 ParOldGen       total 272384K, used 199080K [0x00000000c0000000, 0x00000000d0a00000, 0x00000000eab00000)
  object space 272384K, 73% used [0x00000000c0000000,0x00000000cc26a1c8,0x00000000d0a00000)
 Metaspace       used 87668K, committed 89152K, reserved 1179648K
  class space    used 9112K, committed 9792K, reserved 1048576K
}
Event: 421.377 GC heap before
{Heap before GC invocations=921 (full 45):
 PSYoungGen      total 47616K, used 13744K [0x00000000eab00000, 0x00000000efc00000, 0x0000000100000000)
  eden space 13824K, 99% used [0x00000000eab00000,0x00000000eb86c3d8,0x00000000eb880000)
  from space 33792K, 0% used [0x00000000eb880000,0x00000000eb880000,0x00000000ed980000)
  to   space 33792K, 0% used [0x00000000edb00000,0x00000000edb00000,0x00000000efc00000)
 ParOldGen       total 272384K, used 199080K [0x00000000c0000000, 0x00000000d0a00000, 0x00000000eab00000)
  object space 272384K, 73% used [0x00000000c0000000,0x00000000cc26a1c8,0x00000000d0a00000)
 Metaspace       used 87670K, committed 89152K, reserved 1179648K
  class space    used 9112K, committed 9792K, reserved 1048576K
}
Event: 421.387 GC heap after
{Heap after GC invocations=921 (full 45):
 PSYoungGen      total 27136K, used 13032K [0x00000000eab00000, 0x00000000ee800000, 0x0000000100000000)
  eden space 13824K, 0% used [0x00000000eab00000,0x00000000eab00000,0x00000000eb880000)
  from space 13312K, 97% used [0x00000000edb00000,0x00000000ee7ba010,0x00000000ee800000)
  to   space 19456K, 0% used [0x00000000ec200000,0x00000000ec200000,0x00000000ed500000)
 ParOldGen       total 272384K, used 199080K [0x00000000c0000000, 0x00000000d0a00000, 0x00000000eab00000)
  object space 272384K, 73% used [0x00000000c0000000,0x00000000cc26a1c8,0x00000000d0a00000)
 Metaspace       used 87670K, committed 89152K, reserved 1179648K
  class space    used 9112K, committed 9792K, reserved 1048576K
}
Event: 422.751 GC heap before
{Heap before GC invocations=922 (full 45):
 PSYoungGen      total 27136K, used 26856K [0x00000000eab00000, 0x00000000ee800000, 0x0000000100000000)
  eden space 13824K, 100% used [0x00000000eab00000,0x00000000eb880000,0x00000000eb880000)
  from space 13312K, 97% used [0x00000000edb00000,0x00000000ee7ba010,0x00000000ee800000)
  to   space 19456K, 0% used [0x00000000ec200000,0x00000000ec200000,0x00000000ed500000)
 ParOldGen       total 272384K, used 199080K [0x00000000c0000000, 0x00000000d0a00000, 0x00000000eab00000)
  object space 272384K, 73% used [0x00000000c0000000,0x00000000cc26a1c8,0x00000000d0a00000)
 Metaspace       used 87672K, committed 89152K, reserved 1179648K
  class space    used 9112K, committed 9792K, reserved 1048576K
}
Event: 422.775 GC heap after
{Heap after GC invocations=922 (full 45):
 PSYoungGen      total 33280K, used 19438K [0x00000000eab00000, 0x00000000ee800000, 0x0000000100000000)
  eden space 13824K, 0% used [0x00000000eab00000,0x00000000eab00000,0x00000000eb880000)
  from space 19456K, 99% used [0x00000000ec200000,0x00000000ed4fbaf8,0x00000000ed500000)
  to   space 13312K, 0% used [0x00000000edb00000,0x00000000edb00000,0x00000000ee800000)
 ParOldGen       total 272384K, used 202626K [0x00000000c0000000, 0x00000000d0a00000, 0x00000000eab00000)
  object space 272384K, 74% used [0x00000000c0000000,0x00000000cc5e0ab0,0x00000000d0a00000)
 Metaspace       used 87672K, committed 89152K, reserved 1179648K
  class space    used 9112K, committed 9792K, reserved 1048576K
}

