# JRE version: OpenJDK Runtime Environment Temurin-17.0.8.1+1 (17.0.8.1+1) (build 17.0.8.1+1)
# Java VM: OpenJDK 64-Bit Server VM Temurin-17.0.8.1+1 (17.0.8.1+1, mixed mode, tiered, compressed oops, compressed class ptrs, parallel gc, windows-amd64)
GC Precious Log:
 CPUs: 4 total, 4 available
 Memory: 3819M
 Large Page Support: Disabled
 NUMA Support: Disabled
 Compressed Oops: Enabled (32-bit)
 Alignments: Space 512K, Generation 512K, Heap 2M
 Heap Min Capacity: 100M
 Heap Initial Capacity: 100M
 Heap Max Capacity: 1G
 Pre-touch: Disabled
 Parallel Workers: 4
Heap:
 PSYoungGen      total 4096K, used 3725K [0x00000000eab00000, 0x00000000eb180000, 0x0000000100000000)
  eden space 3072K, 99% used [0x00000000eab00000,0x00000000eadfc038,0x00000000eae00000)
  from space 1024K, 65% used [0x00000000eb080000,0x00000000eb1277c0,0x00000000eb180000)
  to   space 1536K, 0% used [0x00000000eae80000,0x00000000eae80000,0x00000000eb000000)
 ParOldGen       total 223744K, used 202252K [0x00000000c0000000, 0x00000000cda80000, 0x00000000eab00000)
  object space 223744K, 90% used [0x00000000c0000000,0x00000000cc583050,0x00000000cda80000)
 Metaspace       used 97681K, committed 99072K, reserved 1179648K
  class space    used 10077K, committed 10688K, reserved 1048576K
GC Heap History (20 events):
Event: 2877.652 GC heap before
{Heap before GC invocations=1049 (full 21):
 PSYoungGen      total 1024K, used 992K [0x00000000eab00000, 0x00000000eaf00000, 0x0000000100000000)
  eden space 512K, 100% used [0x00000000eab00000,0x00000000eab80000,0x00000000eab80000)
  from space 512K, 93% used [0x00000000eab80000,0x00000000eabf8000,0x00000000eac00000)
  to   space 1536K, 0% used [0x00000000ead80000,0x00000000ead80000,0x00000000eaf00000)
 ParOldGen       total 223744K, used 190305K [0x00000000c0000000, 0x00000000cda80000, 0x00000000eab00000)
  object space 223744K, 85% used [0x00000000c0000000,0x00000000cb9d84d0,0x00000000cda80000)
 Metaspace       used 97680K, committed 99072K, reserved 1179648K
  class space    used 10077K, committed 10688K, reserved 1048576K
}
Event: 2877.655 GC heap after
{Heap after GC invocations=1049 (full 21):
 PSYoungGen      total 1536K, used 448K [0x00000000eab00000, 0x00000000eae00000, 0x0000000100000000)
  eden space 1024K, 0% used [0x00000000eab00000,0x00000000eab00000,0x00000000eac00000)
  from space 512K, 87% used [0x00000000ead80000,0x00000000eadf0000,0x00000000eae00000)
  to   space 1024K, 0% used [0x00000000eac00000,0x00000000eac00000,0x00000000ead00000)
 ParOldGen       total 223744K, used 190769K [0x00000000c0000000, 0x00000000cda80000, 0x00000000eab00000)
  object space 223744K, 85% used [0x00000000c0000000,0x00000000cba4c4d0,0x00000000cda80000)
 Metaspace       used 97680K, committed 99072K, reserved 1179648K
  class space    used 10077K, committed 10688K, reserved 1048576K
}
Event: 2877.685 GC heap before
{Heap before GC invocations=1050 (full 21):
 PSYoungGen      total 1536K, used 1472K [0x00000000eab00000, 0x00000000eae00000, 0x0000000100000000)
  eden space 1024K, 100% used [0x00000000eab00000,0x00000000eac00000,0x00000000eac00000)
  from space 512K, 87% used [0x00000000ead80000,0x00000000eadf0000,0x00000000eae00000)
  to   space 1024K, 0% used [0x00000000eac00000,0x00000000eac00000,0x00000000ead00000)
 ParOldGen       total 223744K, used 190769K [0x00000000c0000000, 0x00000000cda80000, 0x00000000eab00000)
  object space 223744K, 85% used [0x00000000c0000000,0x00000000cba4c4d0,0x00000000cda80000)
 Metaspace       used 97680K, committed 99072K, reserved 1179648K
  class space    used 10077K, committed 10688K, reserved 1048576K
}
Event: 2877.690 GC heap after
{Heap after GC invocations=1050 (full 21):
 PSYoungGen      total 2048K, used 893K [0x00000000eab00000, 0x00000000eae80000, 0x0000000100000000)
  eden space 1024K, 0% used [0x00000000eab00000,0x00000000eab00000,0x00000000eac00000)
  from space 1024K, 87% used [0x00000000eac00000,0x00000000eacdf7c0,0x00000000ead00000)
  to   space 1024K, 0% used [0x00000000ead80000,0x00000000ead80000,0x00000000eae80000)
 ParOldGen       total 223744K, used 191145K [0x00000000c0000000, 0x00000000cda80000, 0x00000000eab00000)
  object space 223744K, 85% used [0x00000000c0000000,0x00000000cbaaa4d0,0x00000000cda80000)
 Metaspace       used 97680K, committed 99072K, reserved 1179648K
  class space    used 10077K, committed 10688K, reserved 1048576K
}
Event: 2877.693 GC heap before
{Heap before GC invocations=1051 (full 21):
 PSYoungGen      total 2048K, used 1917K [0x00000000eab00000, 0x00000000eae80000, 0x0000000100000000)
  eden space 1024K, 100% used [0x00000000eab00000,0x00000000eac00000,0x00000000eac00000)
  from space 1024K, 87% used [0x00000000eac00000,0x00000000eacdf7c0,0x00000000ead00000)
  to   space 1024K, 0% used [0x00000000ead80000,0x00000000ead80000,0x00000000eae80000)
 ParOldGen       total 223744K, used 191145K [0x00000000c0000000, 0x00000000cda80000, 0x00000000eab00000)
  object space 223744K, 85% used [0x00000000c0000000,0x00000000cbaaa4d0,0x00000000cda80000)
 Metaspace       used 97680K, committed 99072K, reserved 1179648K
  class space    used 10077K, committed 10688K, reserved 1048576K
}
Event: 2877.713 GC heap after
{Heap after GC invocations=1051 (full 21):
 PSYoungGen      total 2048K, used 992K [0x00000000eab00000, 0x00000000eaf80000, 0x0000000100000000)
  eden space 1024K, 0% used [0x00000000eab00000,0x00000000eab00000,0x00000000eac00000)
  from space 1024K, 96% used [0x00000000ead80000,0x00000000eae78000,0x00000000eae80000)
  to   space 1536K, 0% used [0x00000000eac00000,0x00000000eac00000,0x00000000ead80000)
 ParOldGen       total 223744K, used 192039K [0x00000000c0000000, 0x00000000cda80000, 0x00000000eab00000)
  object space 223744K, 85% used [0x00000000c0000000,0x00000000cbb89c90,0x00000000cda80000)
 Metaspace       used 97680K, committed 99072K, reserved 1179648K
  class space    used 10077K, committed 10688K, reserved 1048576K
}
Event: 2877.715 GC heap before
{Heap before GC invocations=1052 (full 21):
 PSYoungGen      total 2048K, used 2016K [0x00000000eab00000, 0x00000000eaf80000, 0x0000000100000000)
  eden space 1024K, 100% used [0x00000000eab00000,0x00000000eac00000,0x00000000eac00000)
  from space 1024K, 96% used [0x00000000ead80000,0x00000000eae78000,0x00000000eae80000)
  to   space 1536K, 0% used [0x00000000eac00000,0x00000000eac00000,0x00000000ead80000)
 ParOldGen       total 223744K, used 192039K [0x00000000c0000000, 0x00000000cda80000, 0x00000000eab00000)
  object space 223744K, 85% used [0x00000000c0000000,0x00000000cbb89c90,0x00000000cda80000)
 Metaspace       used 97680K, committed 99072K, reserved 1179648K
  class space    used 10077K, committed 10688K, reserved 1048576K
}
Event: 2877.735 GC heap after
{Heap after GC invocations=1052 (full 21):
 PSYoungGen      total 2560K, used 1056K [0x00000000eab00000, 0x00000000eaf80000, 0x0000000100000000)
  eden space 1024K, 0% used [0x00000000eab00000,0x00000000eab00000,0x00000000eac00000)
  from space 1536K, 68% used [0x00000000eac00000,0x00000000ead08000,0x00000000ead80000)
  to   space 1536K, 0% used [0x00000000eae00000,0x00000000eae00000,0x00000000eaf80000)
 ParOldGen       total 223744K, used 192975K [0x00000000c0000000, 0x00000000cda80000, 0x00000000eab00000)
  object space 223744K, 86% used [0x00000000c0000000,0x00000000cbc73c90,0x00000000cda80000)
 Metaspace       used 97680K, committed 99072K, reserved 1179648K
  class space    used 10077K, committed 10688K, reserved 1048576K
}
Event: 2877.753 GC heap before
{Heap before GC invocations=1053 (full 21):
 PSYoungGen      total 2560K, used 2080K [0x00000000eab00000, 0x00000000eaf80000, 0x0000000100000000)
  eden space 1024K, 100% used [0x00000000eab00000,0x00000000eac00000,0x00000000eac00000)
  from space 1536K, 68% used [0x00000000eac00000,0x00000000ead08000,0x00000000ead80000)
  to   space 1536K, 0% used [0x00000000eae00000,0x00000000eae00000,0x00000000eaf80000)
 ParOldGen       total 223744K, used 192975K [0x00000000c0000000, 0x00000000cda80000, 0x00000000eab00000)
  object space 223744K, 86% used [0x00000000c0000000,0x00000000cbc73c90,0x00000000cda80000)
 Metaspace       used 97680K, committed 99072K, reserved 1179648K
  class space    used 10077K, committed 10688K, reserved 1048576K
}
Event: 2877.756 GC heap after
{Heap after GC invocations=1053 (full 21):
 PSYoungGen      total 2560K, used 826K [0x00000000eab00000, 0x00000000eaf00000, 0x0000000100000000)
  eden space 1536K, 0% used [0x00000000eab00000,0x00000000eab00000,0x00000000eac80000)
  from space 1024K, 80% used [0x00000000eae00000,0x00000000eaece900,0x00000000eaf00000)
  to   space 1024K, 0% used [0x00000000ead00000,0x00000000ead00000,0x00000000eae00000)
 ParOldGen       total 223744K, used 193983K [0x00000000c0000000, 0x00000000cda80000, 0x00000000eab00000)
  object space 223744K, 86% used [0x00000000c0000000,0x00000000cbd6fc90,0x00000000cda80000)
 Metaspace       used 97680K, committed 99072K, reserved 1179648K
  class space    used 10077K, committed 10688K, reserved 1048576K
}
Event: 2877.761 GC heap before
{Heap before GC invocations=1054 (full 21):
 PSYoungGen      total 2560K, used 2362K [0x00000000eab00000, 0x00000000eaf00000, 0x0000000100000000)
  eden space 1536K, 100% used [0x00000000eab00000,0x00000000eac80000,0x00000000eac80000)
  from space 1024K, 80% used [0x00000000eae00000,0x00000000eaece900,0x00000000eaf00000)
  to   space 1024K, 0% used [0x00000000ead00000,0x00000000ead00000,0x00000000eae00000)
 ParOldGen       total 223744K, used 193983K [0x00000000c0000000, 0x00000000cda80000, 0x00000000eab00000)
  object space 223744K, 86% used [0x00000000c0000000,0x00000000cbd6fc90,0x00000000cda80000)
 Metaspace       used 97680K, committed 99072K, reserved 1179648K
  class space    used 10077K, committed 10688K, reserved 1048576K
}
Event: 2877.762 GC heap after
{Heap after GC invocations=1054 (full 21):
 PSYoungGen      total 3072K, used 160K [0x00000000eab00000, 0x00000000eae80000, 0x0000000100000000)
  eden space 2048K, 0% used [0x00000000eab00000,0x00000000eab00000,0x00000000ead00000)
  from space 1024K, 15% used [0x00000000ead00000,0x00000000ead28000,0x00000000eae00000)
  to   space 512K, 0% used [0x00000000eae00000,0x00000000eae00000,0x00000000eae80000)
 ParOldGen       total 223744K, used 194763K [0x00000000c0000000, 0x00000000cda80000, 0x00000000eab00000)
  object space 223744K, 87% used [0x00000000c0000000,0x00000000cbe32e90,0x00000000cda80000)
 Metaspace       used 97680K, committed 99072K, reserved 1179648K
  class space    used 10077K, committed 10688K, reserved 1048576K
}
Event: 2877.780 GC heap before
{Heap before GC invocations=1055 (full 21):
 PSYoungGen      total 3072K, used 2207K [0x00000000eab00000, 0x00000000eae80000, 0x0000000100000000)
  eden space 2048K, 99% used [0x00000000eab00000,0x00000000eacffff0,0x00000000ead00000)
  from space 1024K, 15% used [0x00000000ead00000,0x00000000ead28000,0x00000000eae00000)
  to   space 512K, 0% used [0x00000000eae00000,0x00000000eae00000,0x00000000eae80000)
 ParOldGen       total 223744K, used 194763K [0x00000000c0000000, 0x00000000cda80000, 0x00000000eab00000)
  object space 223744K, 87% used [0x00000000c0000000,0x00000000cbe32e90,0x00000000cda80000)
 Metaspace       used 97681K, committed 99072K, reserved 1179648K
  class space    used 10077K, committed 10688K, reserved 1048576K
}
Event: 2877.781 GC heap after
{Heap after GC invocations=1055 (full 21):
 PSYoungGen      total 2560K, used 509K [0x00000000eab00000, 0x00000000eaf80000, 0x0000000100000000)
  eden space 2048K, 0% used [0x00000000eab00000,0x00000000eab00000,0x00000000ead00000)
  from space 512K, 99% used [0x00000000eae00000,0x00000000eae7f7c0,0x00000000eae80000)
  to   space 1024K, 0% used [0x00000000ead00000,0x00000000ead00000,0x00000000eae00000)
 ParOldGen       total 223744K, used 194859K [0x00000000c0000000, 0x00000000cda80000, 0x00000000eab00000)
  object space 223744K, 87% used [0x00000000c0000000,0x00000000cbe4ae90,0x00000000cda80000)
 Metaspace       used 97681K, committed 99072K, reserved 1179648K
  class space    used 10077K, committed 10688K, reserved 1048576K
}
Event: 2877.827 GC heap before
{Heap before GC invocations=1056 (full 21):
 PSYoungGen      total 2560K, used 2557K [0x00000000eab00000, 0x00000000eaf80000, 0x0000000100000000)
  eden space 2048K, 100% used [0x00000000eab00000,0x00000000ead00000,0x00000000ead00000)
  from space 512K, 99% used [0x00000000eae00000,0x00000000eae7f7c0,0x00000000eae80000)
  to   space 1024K, 0% used [0x00000000ead00000,0x00000000ead00000,0x00000000eae00000)
 ParOldGen       total 223744K, used 194859K [0x00000000c0000000, 0x00000000cda80000, 0x00000000eab00000)
  object space 223744K, 87% used [0x00000000c0000000,0x00000000cbe4ae90,0x00000000cda80000)
 Metaspace       used 97681K, committed 99072K, reserved 1179648K
  class space    used 10077K, committed 10688K, reserved 1048576K
}
Event: 2877.830 GC heap after
{Heap after GC invocations=1056 (full 21):
 PSYoungGen      total 3072K, used 1024K [0x00000000eab00000, 0x00000000eb380000, 0x0000000100000000)
  eden space 2048K, 0% used [0x00000000eab00000,0x00000000eab00000,0x00000000ead00000)
  from space 1024K, 100% used [0x00000000ead00000,0x00000000eae00000,0x00000000eae00000)
  to   space 3072K, 0% used [0x00000000eb080000,0x00000000eb080000,0x00000000eb380000)
 ParOldGen       total 223744K, used 196265K [0x00000000c0000000, 0x00000000cda80000, 0x00000000eab00000)
  object space 223744K, 87% used [0x00000000c0000000,0x00000000cbfaa670,0x00000000cda80000)
 Metaspace       used 97681K, committed 99072K, reserved 1179648K
  class space    used 10077K, committed 10688K, reserved 1048576K
}
Event: 2877.859 GC heap before
{Heap before GC invocations=1057 (full 21):
 PSYoungGen      total 3072K, used 3072K [0x00000000eab00000, 0x00000000eb380000, 0x0000000100000000)
  eden space 2048K, 100% used [0x00000000eab00000,0x00000000ead00000,0x00000000ead00000)
  from space 1024K, 100% used [0x00000000ead00000,0x00000000eae00000,0x00000000eae00000)
  to   space 3072K, 0% used [0x00000000eb080000,0x00000000eb080000,0x00000000eb380000)
 ParOldGen       total 223744K, used 196265K [0x00000000c0000000, 0x00000000cda80000, 0x00000000eab00000)
  object space 223744K, 87% used [0x00000000c0000000,0x00000000cbfaa670,0x00000000cda80000)
 Metaspace       used 97681K, committed 99072K, reserved 1179648K
  class space    used 10077K, committed 10688K, reserved 1048576K
}
Event: 2877.865 GC heap after
{Heap after GC invocations=1057 (full 21):
 PSYoungGen      total 4608K, used 1885K [0x00000000eab00000, 0x00000000eb280000, 0x0000000100000000)
  eden space 2560K, 0% used [0x00000000eab00000,0x00000000eab00000,0x00000000ead80000)
  from space 2048K, 92% used [0x00000000eb080000,0x00000000eb2577c0,0x00000000eb280000)
  to   space 2560K, 0% used [0x00000000ead80000,0x00000000ead80000,0x00000000eb000000)
 ParOldGen       total 223744K, used 197313K [0x00000000c0000000, 0x00000000cda80000, 0x00000000eab00000)
  object space 223744K, 88% used [0x00000000c0000000,0x00000000cc0b0670,0x00000000cda80000)
 Metaspace       used 97681K, committed 99072K, reserved 1179648K
  class space    used 10077K, committed 10688K, reserved 1048576K
}
Event: 2877.903 GC heap before
{Heap before GC invocations=1058 (full 21):
 PSYoungGen      total 4608K, used 4445K [0x00000000eab00000, 0x00000000eb280000, 0x0000000100000000)
  eden space 2560K, 100% used [0x00000000eab00000,0x00000000ead80000,0x00000000ead80000)
  from space 2048K, 92% used [0x00000000eb080000,0x00000000eb2577c0,0x00000000eb280000)
  to   space 2560K, 0% used [0x00000000ead80000,0x00000000ead80000,0x00000000eb000000)
 ParOldGen       total 223744K, used 197313K [0x00000000c0000000, 0x00000000cda80000, 0x00000000eab00000)
  object space 223744K, 88% used [0x00000000c0000000,0x00000000cc0b0670,0x00000000cda80000)
 Metaspace       used 97681K, committed 99072K, reserved 1179648K
  class space    used 10077K, committed 10688K, reserved 1048576K
}
Event: 2877.907 GC heap after
{Heap after GC invocations=1058 (full 21):
 PSYoungGen      total 5120K, used 2496K [0x00000000eab00000, 0x00000000eb400000, 0x0000000100000000)
  eden space 2560K, 0% used [0x00000000eab00000,0x00000000eab00000,0x00000000ead80000)
  from space 2560K, 97% used [0x00000000ead80000,0x00000000eaff0000,0x00000000eb000000)
  to   space 3072K, 0% used [0x00000000eb100000,0x00000000eb100000,0x00000000eb400000)
 ParOldGen       total 223744K, used 199127K [0x00000000c0000000, 0x00000000cda80000, 0x00000000eab00000)
  object space 223744K, 88% used [0x00000000c0000000,0x00000000cc275e30,0x00000000cda80000)
 Metaspace       used 97681K, committed 99072K, reserved 1179648K
  class space    used 10077K, committed 10688K, reserved 1048576K
}

