# JRE version: Java(TM) SE Runtime Environment (17.0.6+9) (build 17.0.6+9-LTS-190)
# Java VM: Java HotSpot(TM) 64-Bit Server VM (17.0.6+9-LTS-190, mixed mode, sharing, tiered, compressed oops, compressed class ptrs, g1 gc, windows-amd64)
GC Precious Log:
 CPUs: 4 total, 4 available
 Memory: 3819M
 Large Page Support: Disabled
 NUMA Support: Disabled
 Compressed Oops: Enabled (32-bit)
 Heap Region Size: 1M
 Heap Min Capacity: 8M
 Heap Initial Capacity: 60M
 Heap Max Capacity: 956M
 Pre-touch: Disabled
 Parallel Workers: 4
 Concurrent Workers: 1
 Concurrent Refinement Workers: 4
 Periodic GC: Disabled
Heap:
 garbage-first heap   total 66560K, used 36652K [0x00000000c4400000, 0x0000000100000000)
  region size 1024K, 23 young (23552K), 3 survivors (3072K)
 Metaspace       used 40902K, committed 41408K, reserved 1089536K
  class space    used 5355K, committed 5568K, reserved 1048576K
GC Heap History (18 events):
Event: 0.564 GC heap before
{Heap before GC invocations=0 (full 0):
 garbage-first heap   total 61440K, used 14336K [0x00000000c4400000, 0x0000000100000000)
  region size 1024K, 13 young (13312K), 0 survivors (0K)
 Metaspace       used 3793K, committed 3968K, reserved 1056768K
  class space    used 421K, committed 512K, reserved 1048576K
}
Event: 0.569 GC heap after
{Heap after GC invocations=1 (full 0):
 garbage-first heap   total 61440K, used 5652K [0x00000000c4400000, 0x0000000100000000)
  region size 1024K, 2 young (2048K), 2 survivors (2048K)
 Metaspace       used 3793K, committed 3968K, reserved 1056768K
  class space    used 421K, committed 512K, reserved 1048576K
}
Event: 0.846 GC heap before
{Heap before GC invocations=1 (full 0):
 garbage-first heap   total 61440K, used 16916K [0x00000000c4400000, 0x0000000100000000)
  region size 1024K, 14 young (14336K), 2 survivors (2048K)
 Metaspace       used 7068K, committed 7296K, reserved 1056768K
  class space    used 864K, committed 960K, reserved 1048576K
}
Event: 0.850 GC heap after
{Heap after GC invocations=2 (full 0):
 garbage-first heap   total 61440K, used 6940K [0x00000000c4400000, 0x0000000100000000)
  region size 1024K, 2 young (2048K), 2 survivors (2048K)
 Metaspace       used 7068K, committed 7296K, reserved 1056768K
  class space    used 864K, committed 960K, reserved 1048576K
}
Event: 1.121 GC heap before
{Heap before GC invocations=2 (full 0):
 garbage-first heap   total 61440K, used 26396K [0x00000000c4400000, 0x0000000100000000)
  region size 1024K, 21 young (21504K), 2 survivors (2048K)
 Metaspace       used 12334K, committed 12608K, reserved 1064960K
  class space    used 1493K, committed 1600K, reserved 1048576K
}
Event: 1.123 GC heap after
{Heap after GC invocations=3 (full 0):
 garbage-first heap   total 61440K, used 8506K [0x00000000c4400000, 0x0000000100000000)
  region size 1024K, 3 young (3072K), 3 survivors (3072K)
 Metaspace       used 12334K, committed 12608K, reserved 1064960K
  class space    used 1493K, committed 1600K, reserved 1048576K
}
Event: 1.683 GC heap before
{Heap before GC invocations=3 (full 0):
 garbage-first heap   total 61440K, used 37178K [0x00000000c4400000, 0x0000000100000000)
  region size 1024K, 32 young (32768K), 3 survivors (3072K)
 Metaspace       used 17377K, committed 17600K, reserved 1064960K
  class space    used 2123K, committed 2240K, reserved 1048576K
}
Event: 1.688 GC heap after
{Heap after GC invocations=4 (full 0):
 garbage-first heap   total 61440K, used 10602K [0x00000000c4400000, 0x0000000100000000)
  region size 1024K, 4 young (4096K), 4 survivors (4096K)
 Metaspace       used 17377K, committed 17600K, reserved 1064960K
  class space    used 2123K, committed 2240K, reserved 1048576K
}
Event: 2.952 GC heap before
{Heap before GC invocations=4 (full 0):
 garbage-first heap   total 61440K, used 30058K [0x00000000c4400000, 0x0000000100000000)
  region size 1024K, 25 young (25600K), 4 survivors (4096K)
 Metaspace       used 21204K, committed 21504K, reserved 1073152K
  class space    used 2674K, committed 2816K, reserved 1048576K
}
Event: 2.960 GC heap after
{Heap after GC invocations=5 (full 0):
 garbage-first heap   total 61440K, used 12482K [0x00000000c4400000, 0x0000000100000000)
  region size 1024K, 4 young (4096K), 4 survivors (4096K)
 Metaspace       used 21204K, committed 21504K, reserved 1073152K
  class space    used 2674K, committed 2816K, reserved 1048576K
}
Event: 3.660 GC heap before
{Heap before GC invocations=6 (full 0):
 garbage-first heap   total 48128K, used 37058K [0x00000000c4400000, 0x0000000100000000)
  region size 1024K, 28 young (28672K), 4 survivors (4096K)
 Metaspace       used 26750K, committed 27136K, reserved 1073152K
  class space    used 3386K, committed 3584K, reserved 1048576K
}
Event: 3.672 GC heap after
{Heap after GC invocations=7 (full 0):
 garbage-first heap   total 48128K, used 15132K [0x00000000c4400000, 0x0000000100000000)
  region size 1024K, 4 young (4096K), 4 survivors (4096K)
 Metaspace       used 26750K, committed 27136K, reserved 1073152K
  class space    used 3386K, committed 3584K, reserved 1048576K
}
Event: 3.733 GC heap before
{Heap before GC invocations=7 (full 0):
 garbage-first heap   total 48128K, used 15132K [0x00000000c4400000, 0x0000000100000000)
  region size 1024K, 5 young (5120K), 4 survivors (4096K)
 Metaspace       used 27263K, committed 27584K, reserved 1073152K
  class space    used 3429K, committed 3584K, reserved 1048576K
}
Event: 3.741 GC heap after
{Heap after GC invocations=8 (full 0):
 garbage-first heap   total 48128K, used 15807K [0x00000000c4400000, 0x0000000100000000)
  region size 1024K, 1 young (1024K), 1 survivors (1024K)
 Metaspace       used 27263K, committed 27584K, reserved 1073152K
  class space    used 3429K, committed 3584K, reserved 1048576K
}
Event: 5.236 GC heap before
{Heap before GC invocations=8 (full 0):
 garbage-first heap   total 48128K, used 34239K [0x00000000c4400000, 0x0000000100000000)
  region size 1024K, 19 young (19456K), 1 survivors (1024K)
 Metaspace       used 31908K, committed 32320K, reserved 1081344K
  class space    used 3991K, committed 4160K, reserved 1048576K
}
Event: 5.239 GC heap after
{Heap after GC invocations=9 (full 0):
 garbage-first heap   total 66560K, used 16535K [0x00000000c4400000, 0x0000000100000000)
  region size 1024K, 2 young (2048K), 2 survivors (2048K)
 Metaspace       used 31908K, committed 32320K, reserved 1081344K
  class space    used 3991K, committed 4160K, reserved 1048576K
}
Event: 5.979 GC heap before
{Heap before GC invocations=9 (full 0):
 garbage-first heap   total 66560K, used 30871K [0x00000000c4400000, 0x0000000100000000)
  region size 1024K, 17 young (17408K), 2 survivors (2048K)
 Metaspace       used 35812K, committed 36160K, reserved 1081344K
  class space    used 4582K, committed 4736K, reserved 1048576K
}
Event: 5.981 GC heap after
{Heap after GC invocations=10 (full 0):
 garbage-first heap   total 66560K, used 17196K [0x00000000c4400000, 0x0000000100000000)
  region size 1024K, 3 young (3072K), 3 survivors (3072K)
 Metaspace       used 35812K, committed 36160K, reserved 1081344K
  class space    used 4582K, committed 4736K, reserved 1048576K
}

